[ 2016-08-12T09:13:56+08:00 ] ::1 /cars-doctor/admin.php/wpp/index.html
ERR: 无法加载控制器:Wpp

[ 2016-08-12T09:14:21+08:00 ] ::1 /cars-doctor/admin.php/Admin/wpp/index.html
ERR: 无法加载控制器:Wpp

[ 2016-08-12T09:16:01+08:00 ] ::1 /cars-doctor/Admin/User
ERR: 无法加载控制器:User

[ 2016-08-12T09:16:58+08:00 ] ::1 /cars-doctor/Admin/index/user
ERR: 非法操作:user

[ 2016-08-12T09:18:45+08:00 ] ::1 /cars-doctor/admin.php
ERR: 无法加载控制器:Admin

[ 2016-08-12T09:23:45+08:00 ] ::1 /cars-doctor/admin.php/wpp
ERR: 无法加载控制器:Wpp

[ 2016-08-12T09:26:58+08:00 ] ::1 /cars-doctor/admin.php/view
ERR: 无法加载控制器:View

[ 2016-08-12T09:43:26+08:00 ] ::1 /cars-doctor/Home/User/Usermodel
ERR: 非法操作:Usermodel

[ 2016-08-12T09:43:33+08:00 ] ::1 /cars-doctor/Home/Usermodel
ERR: 无法加载控制器:Usermodel

[ 2016-08-12T09:58:03+08:00 ] ::1 /cars-doctor/Home/User/model
NOTIC: D方法实例化没找到模型类Model\Model\DataModel

[ 2016-08-12T09:58:03+08:00 ] ::1 /cars-doctor/Home/User/model
NOTIC: D方法实例化没找到模型类Model\Model\DataModel

[ 2016-08-12T09:58:04+08:00 ] ::1 /cars-doctor/Home/User/model
NOTIC: D方法实例化没找到模型类Model\Model\DataModel

[ 2016-08-12T09:58:04+08:00 ] ::1 /cars-doctor/Home/User/model
NOTIC: D方法实例化没找到模型类Model\Model\DataModel

[ 2016-08-12T09:58:04+08:00 ] ::1 /cars-doctor/Home/User/model
NOTIC: D方法实例化没找到模型类Model\Model\DataModel

[ 2016-08-12T09:58:04+08:00 ] ::1 /cars-doctor/Home/User/model
NOTIC: D方法实例化没找到模型类Model\Model\DataModel

[ 2016-08-12T09:58:22+08:00 ] ::1 /cars-doctor/Home/User/model
NOTIC: D方法实例化没找到模型类Home\Model\DataModel

[ 2016-08-12T09:58:23+08:00 ] ::1 /cars-doctor/Home/User/model
NOTIC: D方法实例化没找到模型类Home\Model\DataModel

[ 2016-08-12T09:58:23+08:00 ] ::1 /cars-doctor/Home/User/model
NOTIC: D方法实例化没找到模型类Home\Model\DataModel

[ 2016-08-12T09:58:23+08:00 ] ::1 /cars-doctor/Home/User/model
NOTIC: D方法实例化没找到模型类Home\Model\DataModel

[ 2016-08-12T09:58:23+08:00 ] ::1 /cars-doctor/Home/User/model
NOTIC: D方法实例化没找到模型类Home\Model\DataModel

[ 2016-08-12T09:58:24+08:00 ] ::1 /cars-doctor/Home/User/model
NOTIC: D方法实例化没找到模型类Home\Model\DataModel

[ 2016-08-12T09:58:24+08:00 ] ::1 /cars-doctor/Home/User/model
NOTIC: D方法实例化没找到模型类Home\Model\DataModel

[ 2016-08-12T10:31:07+08:00 ] ::1 /cars-doctor/Home/User/
ERR: 模板不存在:./Cbs/Home/View/User/index.html

[ 2016-08-12T10:38:19+08:00 ] ::1 /cars-doctor/Home/User/
ERR: 模板不存在:./Cbs/Home/View/User/index.html

[ 2016-08-12T10:38:24+08:00 ] ::1 /cars-doctor/Home/User/test
ERR: 参数错误或者未定义:user

[ 2016-08-12T10:38:33+08:00 ] ::1 /cars-doctor/Home/User/
ERR: 模板不存在:./Cbs/Home/View/User/index.html

[ 2016-08-12T13:55:27+08:00 ] ::1 /cars-doctor/Home/User/
ERR: 模板不存在:./Cbs/Home/View/User/add.html

[ 2016-08-12T13:55:28+08:00 ] ::1 /cars-doctor/Home/User/
ERR: 模板不存在:./Cbs/Home/View/User/add.html

[ 2016-08-12T15:04:27+08:00 ] ::1 /cars-doctor/Home/User
ERR: 模板不存在:./Cbs/Admin/View/add//index.html

[ 2016-08-12T15:04:28+08:00 ] ::1 /cars-doctor/Home/User
ERR: 模板不存在:./Cbs/Admin/View/add//index.html

[ 2016-08-12T15:06:14+08:00 ] ::1 /cars-doctor/Home/User
ERR: 模板不存在:./Cbs/Admin/View/add//index.html

[ 2016-08-12T15:06:15+08:00 ] ::1 /cars-doctor/Home/User
ERR: 模板不存在:./Cbs/Admin/View/add//index.html

[ 2016-08-12T15:06:15+08:00 ] ::1 /cars-doctor/Home/User
ERR: 模板不存在:./Cbs/Admin/View/add//index.html

[ 2016-08-12T15:06:16+08:00 ] ::1 /cars-doctor/Home/User
ERR: 模板不存在:./Cbs/Admin/View/add//index.html

[ 2016-08-12T15:06:16+08:00 ] ::1 /cars-doctor/Home/User
ERR: 模板不存在:./Cbs/Admin/View/add//index.html

[ 2016-08-12T15:06:16+08:00 ] ::1 /cars-doctor/Home/User
ERR: 模板不存在:./Cbs/Admin/View/add//index.html

[ 2016-08-12T15:06:17+08:00 ] ::1 /cars-doctor/Home/User
ERR: 模板不存在:./Cbs/Admin/View/add//index.html

[ 2016-08-12T15:12:57+08:00 ] ::1 /cars-doctor/Home/User
ERR: 模板不存在:./Cbs/Admin/View/default/add//index.html

[ 2016-08-12T15:12:58+08:00 ] ::1 /cars-doctor/Home/User
ERR: 模板不存在:./Cbs/Admin/View/default/add//index.html

[ 2016-08-12T15:13:20+08:00 ] ::1 /cars-doctor/Home/User
ERR: 模板不存在:./Cbs/Home/View/default/User/index.html

[ 2016-08-12T15:13:21+08:00 ] ::1 /cars-doctor/Home/User
ERR: 模板不存在:./Cbs/Home/View/default/User/index.html

[ 2016-08-12T15:13:22+08:00 ] ::1 /cars-doctor/Home/User
ERR: 模板不存在:./Cbs/Home/View/default/User/index.html

[ 2016-08-12T15:14:25+08:00 ] ::1 /cars-doctor/Home/User
ERR: 模板不存在:./Cbs/Home/View/default/User/index.html

[ 2016-08-12T15:14:49+08:00 ] ::1 /cars-doctor/Home/User
ERR: 模板不存在:./Cbs/Home/View/default/User/index.html

[ 2016-08-12T15:14:50+08:00 ] ::1 /cars-doctor/Home/User
ERR: 模板不存在:./Cbs/Home/View/default/User/index.html

[ 2016-08-12T15:28:08+08:00 ] ::1 /cars-doctor/Home/User
ERR: 模板不存在:./Cbs/Admin/View/default/bbb/index.html

[ 2016-08-12T15:37:00+08:00 ] ::1 /cars-doctor/Home/User/wpp
ERR: 非法操作:wpp

[ 2016-08-12T15:37:11+08:00 ] ::1 /cars-doctor/Home/wpp
ERR: 无法加载控制器:Wpp

[ 2016-08-12T15:42:08+08:00 ] ::1 /cars-doctor/admin.php/love
ERR: 无法加载控制器:Love

[ 2016-08-12T15:42:16+08:00 ] ::1 /cars-doctor/Admin/love
ERR: 无法加载控制器:Love

[ 2016-08-12T15:45:42+08:00 ] ::1 /cars-doctor/Admin/User/model
ERR: 非法操作:model

[ 2016-08-12T15:57:23+08:00 ] ::1 /cars-doctor/admin.php/wpp
ERR: 无法加载控制器:Wpp

[ 2016-08-12T15:58:02+08:00 ] ::1 /cars-doctor/admin.php/wpp
ERR: 无法加载控制器:Wpp

[ 2016-08-12T15:58:25+08:00 ] ::1 /cars-doctor/admin.php/Admin/wpp
ERR: 无法加载控制器:Wpp

[ 2016-08-12T15:59:29+08:00 ] ::1 /cars-doctor/admin.php/Admin/wpp
ERR: 无法加载控制器:Wpp

[ 2016-08-12T15:59:30+08:00 ] ::1 /cars-doctor/admin.php/Admin/wpp
ERR: 无法加载控制器:Wpp

[ 2016-08-12T15:59:31+08:00 ] ::1 /cars-doctor/admin.php/Admin/wpp
ERR: 无法加载控制器:Wpp

[ 2016-08-12T16:00:50+08:00 ] ::1 /cars-doctor/Admin/Admin/wpp
ERR: 模板不存在:./Cbs/Admin/View/default/Admin/wpp.html

[ 2016-08-12T16:01:10+08:00 ] ::1 /cars-doctor/admin.php/wpp
ERR: 无法加载控制器:Wpp

[ 2016-08-12T16:01:27+08:00 ] ::1 /cars-doctor/Admin/Admin/wpp
ERR: 模板不存在:./Cbs/Admin/View/default/Admin/wpp.html

[ 2016-08-12T16:06:02+08:00 ] ::1 /cars-doctor/admin.php
ERR: 无法加载控制器:Admin

[ 2016-08-12T16:06:57+08:00 ] ::1 /cars-doctor/Admin/Wpp/wpp
ERR: 模板不存在:./Cbs/Admin/View/default/Wpp/index.html

[ 2016-08-12T16:12:37+08:00 ] ::1 /cars-doctor/Admin/Wpp/wpp
ERR: 模板不存在:./Cbs/Admin/View/default/Wpp/wpp.html

[ 2016-08-12T16:20:48+08:00 ] ::1 /cars-doctor/Admin/Wpp/wpp
ERR: 模板不存在:./Cbs/Admin/View/wpp/Wpp/wpp.html

[ 2016-08-12T16:20:50+08:00 ] ::1 /cars-doctor/Admin/Wpp/wpp
ERR: 模板不存在:./Cbs/Admin/View/wpp/Wpp/wpp.html

[ 2016-08-12T16:21:10+08:00 ] ::1 /cars-doctor/Admin/Wpp/wpp
ERR: 模板不存在:./Cbs/Admin/View/wpp/Wpp/wpp.html

[ 2016-08-12T16:40:07+08:00 ] ::1 /cars-doctor/Admin/Login
ERR: 模板不存在:./Cbs/Admin/View/wpp/Login/index.html

[ 2016-08-12T16:42:36+08:00 ] ::1 /cars-doctor/Admin/Login
ERR: 模板不存在:./Cbs/Admin/View/default/Login/index.html

[ 2016-08-12T16:49:19+08:00 ] ::1 /cars-doctor/Admin/Login
ERR: 模板不存在:./Cbs/Admin/View/default/Login/index.html

[ 2016-08-12T17:12:02+08:00 ] ::1 /cars-doctor/Public/Css/login.css
ERR: 无法加载控制器:Public

[ 2016-08-12T17:12:02+08:00 ] ::1 /cars-doctor/Public/Js/jquery-1.7.2.min.js
ERR: 无法加载控制器:Public

[ 2016-08-12T17:12:02+08:00 ] ::1 /cars-doctor/index.php/Admin/Login/index.%E2%80%98%E2%80%98
ERR: 非法操作:index.‘‘

[ 2016-08-12T17:12:02+08:00 ] ::1 /cars-doctor/Public/Js/login.js
ERR: 无法加载控制器:Public

[ 2016-08-12T17:12:02+08:00 ] ::1 /cars-doctor/index.php/Admin/Login/index.%E2%80%98%E2%80%98
ERR: 非法操作:index.‘‘

[ 2016-08-12T17:17:18+08:00 ] ::1 /cars-doctor/index.php/Admin/Login/index.%E2%80%98%E2%80%98
ERR: 非法操作:index.‘‘

[ 2016-08-12T17:17:43+08:00 ] ::1 /cars-doctor/Admin/loginout
ERR: 无法加载控制器:Loginout

[ 2016-08-12T17:22:26+08:00 ] ::1 /cars-doctor/index.php/Admin/wpp/index.html.html
ERR: 非法操作:index.html

[ 2016-08-12T17:22:47+08:00 ] ::1 /cars-doctor/Admin/index/login
ERR: 非法操作:login

[ 2016-08-12T17:22:58+08:00 ] ::1 /cars-doctor/index.php/Admin/wpp/index.html.html
ERR: 非法操作:index.html

[ 2016-08-12T17:23:08+08:00 ] ::1 /cars-doctor/Admin/index/login
ERR: 非法操作:login

[ 2016-08-12T17:50:30+08:00 ] ::1 /cars-doctor/Admin/wpp/css/bootstrap.min.css?v=3.3.6
ERR: 非法操作:css

[ 2016-08-12T17:50:30+08:00 ] ::1 /cars-doctor/Admin/wpp/css/font-awesome.min.css?v=4.4.0
ERR: 非法操作:css

[ 2016-08-12T17:50:30+08:00 ] ::1 /cars-doctor/Admin/wpp/js/jquery.min.js?v=2.1.4
ERR: 非法操作:js

[ 2016-08-12T17:50:30+08:00 ] ::1 /cars-doctor/Admin/wpp/css/animate.css
ERR: 非法操作:css

[ 2016-08-12T17:50:30+08:00 ] ::1 /cars-doctor/Admin/wpp/css/style.css?v=4.1.0
ERR: 非法操作:css

[ 2016-08-12T17:50:30+08:00 ] ::1 /cars-doctor/Admin/wpp/js/bootstrap.min.js?v=3.3.6
ERR: 非法操作:js

[ 2016-08-12T17:50:30+08:00 ] ::1 /cars-doctor/Admin/wpp/js/plugins/metisMenu/jquery.metisMenu.js
ERR: 非法操作:js

[ 2016-08-12T17:50:30+08:00 ] ::1 /cars-doctor/Admin/wpp/js/plugins/layer/layer.min.js
ERR: 非法操作:js

[ 2016-08-12T17:50:30+08:00 ] ::1 /cars-doctor/Admin/wpp/js/plugins/slimscroll/jquery.slimscroll.min.js
ERR: 非法操作:js

[ 2016-08-12T17:50:30+08:00 ] ::1 /cars-doctor/Admin/wpp/css/font-awesome.css?v=4.4.0
ERR: 非法操作:css

[ 2016-08-12T17:50:30+08:00 ] ::1 /cars-doctor/Admin/wpp/js/contabs.js
ERR: 非法操作:js

[ 2016-08-12T17:50:30+08:00 ] ::1 /cars-doctor/Admin/wpp/js/hplus.js?v=4.1.0
ERR: 非法操作:js

[ 2016-08-12T17:50:30+08:00 ] ::1 /cars-doctor/Admin/wpp/js/content.js
ERR: 非法操作:js

[ 2016-08-12T17:50:30+08:00 ] ::1 /cars-doctor/Admin/wpp/js/plugins/pace/pace.min.js
ERR: 非法操作:js

[ 2016-08-12T17:50:30+08:00 ] ::1 /cars-doctor/Admin/wpp/js/welcome.js
ERR: 非法操作:js

[ 2016-08-12T18:02:46+08:00 ] ::1 /cars-doctor/Admin/wpp/css/bootstrap.min.css?v=3.3.6
ERR: 非法操作:css

[ 2016-08-12T18:02:46+08:00 ] ::1 /cars-doctor/Admin/wpp/css/font-awesome.min.css?v=4.4.0
ERR: 非法操作:css

[ 2016-08-12T18:02:46+08:00 ] ::1 /cars-doctor/Admin/wpp/js/jquery.min.js?v=2.1.4
ERR: 非法操作:js

[ 2016-08-12T18:02:46+08:00 ] ::1 /cars-doctor/Admin/wpp/js/bootstrap.min.js?v=3.3.6
ERR: 非法操作:js

[ 2016-08-12T18:02:46+08:00 ] ::1 /cars-doctor/Admin/wpp/css/animate.css
ERR: 非法操作:css

[ 2016-08-12T18:02:46+08:00 ] ::1 /cars-doctor/Admin/wpp/js/hplus.js?v=4.1.0
ERR: 非法操作:js

[ 2016-08-12T18:02:46+08:00 ] ::1 /cars-doctor/Admin/wpp/js/plugins/metisMenu/jquery.metisMenu.js
ERR: 非法操作:js

[ 2016-08-12T18:02:46+08:00 ] ::1 /cars-doctor/Admin/wpp/css/style.css?v=4.1.0
ERR: 非法操作:css

[ 2016-08-12T18:02:46+08:00 ] ::1 /cars-doctor/Admin/wpp/js/plugins/slimscroll/jquery.slimscroll.min.js
ERR: 非法操作:js

[ 2016-08-12T18:02:46+08:00 ] ::1 /cars-doctor/Admin/wpp/js/plugins/layer/layer.min.js
ERR: 非法操作:js

[ 2016-08-12T18:02:46+08:00 ] ::1 /cars-doctor/Admin/wpp/js/contabs.js
ERR: 非法操作:js

[ 2016-08-12T18:02:46+08:00 ] ::1 /cars-doctor/Admin/wpp/js/plugins/pace/pace.min.js
ERR: 非法操作:js

[ 2016-08-12T18:02:46+08:00 ] ::1 /cars-doctor/Admin/wpp/css/font-awesome.css?v=4.4.0
ERR: 非法操作:css

[ 2016-08-12T18:02:46+08:00 ] ::1 /cars-doctor/Admin/wpp/js/content.js
ERR: 非法操作:js

[ 2016-08-12T18:02:46+08:00 ] ::1 /cars-doctor/Admin/wpp/js/welcome.js
ERR: 非法操作:js

[ 2016-08-12T18:02:48+08:00 ] ::1 /cars-doctor/Admin/wpp/css/bootstrap.min.css?v=3.3.6
ERR: 非法操作:css

[ 2016-08-12T18:02:48+08:00 ] ::1 /cars-doctor/Admin/wpp/js/jquery.min.js?v=2.1.4
ERR: 非法操作:js

[ 2016-08-12T18:02:48+08:00 ] ::1 /cars-doctor/Admin/wpp/css/style.css?v=4.1.0
ERR: 非法操作:css

[ 2016-08-12T18:02:48+08:00 ] ::1 /cars-doctor/Admin/wpp/js/plugins/metisMenu/jquery.metisMenu.js
ERR: 非法操作:js

[ 2016-08-12T18:02:48+08:00 ] ::1 /cars-doctor/Admin/wpp/js/bootstrap.min.js?v=3.3.6
ERR: 非法操作:js

[ 2016-08-12T18:02:48+08:00 ] ::1 /cars-doctor/Admin/wpp/css/animate.css
ERR: 非法操作:css

[ 2016-08-12T18:02:48+08:00 ] ::1 /cars-doctor/Admin/wpp/css/font-awesome.min.css?v=4.4.0
ERR: 非法操作:css

[ 2016-08-12T18:02:48+08:00 ] ::1 /cars-doctor/Admin/wpp/js/plugins/layer/layer.min.js
ERR: 非法操作:js

[ 2016-08-12T18:02:48+08:00 ] ::1 /cars-doctor/Admin/wpp/js/hplus.js?v=4.1.0
ERR: 非法操作:js

[ 2016-08-12T18:02:48+08:00 ] ::1 /cars-doctor/Admin/wpp/js/plugins/slimscroll/jquery.slimscroll.min.js
ERR: 非法操作:js

[ 2016-08-12T18:02:48+08:00 ] ::1 /cars-doctor/Admin/wpp/js/contabs.js
ERR: 非法操作:js

[ 2016-08-12T18:02:48+08:00 ] ::1 /cars-doctor/Admin/wpp/js/plugins/pace/pace.min.js
ERR: 非法操作:js

[ 2016-08-12T18:02:48+08:00 ] ::1 /cars-doctor/Admin/wpp/js/welcome.js
ERR: 非法操作:js

[ 2016-08-12T18:02:48+08:00 ] ::1 /cars-doctor/Admin/wpp/css/font-awesome.css?v=4.4.0
ERR: 非法操作:css

[ 2016-08-12T18:02:48+08:00 ] ::1 /cars-doctor/Admin/wpp/js/content.js
ERR: 非法操作:js

[ 2016-08-12T18:02:49+08:00 ] ::1 /cars-doctor/Admin/wpp/css/style.css?v=4.1.0
ERR: 非法操作:css

[ 2016-08-12T18:02:49+08:00 ] ::1 /cars-doctor/Admin/wpp/css/animate.css
ERR: 非法操作:css

[ 2016-08-12T18:02:49+08:00 ] ::1 /cars-doctor/Admin/wpp/css/bootstrap.min.css?v=3.3.6
ERR: 非法操作:css

[ 2016-08-12T18:02:49+08:00 ] ::1 /cars-doctor/Admin/wpp/js/jquery.min.js?v=2.1.4
ERR: 非法操作:js

[ 2016-08-12T18:02:49+08:00 ] ::1 /cars-doctor/Admin/wpp/css/font-awesome.min.css?v=4.4.0
ERR: 非法操作:css

[ 2016-08-12T18:02:50+08:00 ] ::1 /cars-doctor/Admin/wpp/js/bootstrap.min.js?v=3.3.6
ERR: 非法操作:js

[ 2016-08-12T18:02:50+08:00 ] ::1 /cars-doctor/Admin/wpp/js/plugins/metisMenu/jquery.metisMenu.js
ERR: 非法操作:js

[ 2016-08-12T18:02:50+08:00 ] ::1 /cars-doctor/Admin/wpp/js/plugins/layer/layer.min.js
ERR: 非法操作:js

[ 2016-08-12T18:02:50+08:00 ] ::1 /cars-doctor/Admin/wpp/js/plugins/slimscroll/jquery.slimscroll.min.js
ERR: 非法操作:js

[ 2016-08-12T18:02:50+08:00 ] ::1 /cars-doctor/Admin/wpp/js/hplus.js?v=4.1.0
ERR: 非法操作:js

[ 2016-08-12T18:02:50+08:00 ] ::1 /cars-doctor/Admin/wpp/js/plugins/pace/pace.min.js
ERR: 非法操作:js

[ 2016-08-12T18:02:50+08:00 ] ::1 /cars-doctor/Admin/wpp/js/contabs.js
ERR: 非法操作:js

[ 2016-08-12T18:02:50+08:00 ] ::1 /cars-doctor/Admin/wpp/css/style.css?v=4.1.0
ERR: 非法操作:css

[ 2016-08-12T18:02:50+08:00 ] ::1 /cars-doctor/Admin/wpp/css/font-awesome.css?v=4.4.0
ERR: 非法操作:css

[ 2016-08-12T18:02:50+08:00 ] ::1 /cars-doctor/Admin/wpp/css/bootstrap.min.css?v=3.3.6
ERR: 非法操作:css

[ 2016-08-12T18:02:50+08:00 ] ::1 /cars-doctor/Admin/wpp/js/jquery.min.js?v=2.1.4
ERR: 非法操作:js

[ 2016-08-12T18:02:50+08:00 ] ::1 /cars-doctor/Admin/wpp/css/animate.css
ERR: 非法操作:css

[ 2016-08-12T18:02:50+08:00 ] ::1 /cars-doctor/Admin/wpp/js/content.js
ERR: 非法操作:js

[ 2016-08-12T18:02:50+08:00 ] ::1 /cars-doctor/Admin/wpp/js/plugins/layer/layer.min.js
ERR: 非法操作:js

[ 2016-08-12T18:02:50+08:00 ] ::1 /cars-doctor/Admin/wpp/js/bootstrap.min.js?v=3.3.6
ERR: 非法操作:js

[ 2016-08-12T18:02:50+08:00 ] ::1 /cars-doctor/Admin/wpp/js/welcome.js
ERR: 非法操作:js

[ 2016-08-12T18:06:42+08:00 ] ::1 /cars-doctor/Admin/wpp/css/bootstrap.min.css?v=3.3.6
ERR: 非法操作:css

[ 2016-08-12T18:06:42+08:00 ] ::1 /cars-doctor/Admin/wpp/css/animate.css
ERR: 非法操作:css

[ 2016-08-12T18:06:42+08:00 ] ::1 /cars-doctor/Admin/wpp/js/jquery.min.js?v=2.1.4
ERR: 非法操作:js

[ 2016-08-12T18:06:42+08:00 ] ::1 /cars-doctor/Admin/wpp/js/plugins/metisMenu/jquery.metisMenu.js
ERR: 非法操作:js

[ 2016-08-12T18:06:42+08:00 ] ::1 /cars-doctor/Admin/wpp/js/bootstrap.min.js?v=3.3.6
ERR: 非法操作:js

[ 2016-08-12T18:06:43+08:00 ] ::1 /cars-doctor/Admin/wpp/cbs-style/css/font-awesome.min.css?v=4.4.0
ERR: 非法操作:cbs-style

[ 2016-08-12T18:06:43+08:00 ] ::1 /cars-doctor/Admin/wpp/css/style.css?v=4.1.0
ERR: 非法操作:css

[ 2016-08-12T18:06:43+08:00 ] ::1 /cars-doctor/Admin/wpp/js/plugins/slimscroll/jquery.slimscroll.min.js
ERR: 非法操作:js

[ 2016-08-12T18:06:43+08:00 ] ::1 /cars-doctor/Admin/wpp/js/plugins/layer/layer.min.js
ERR: 非法操作:js

[ 2016-08-12T18:06:43+08:00 ] ::1 /cars-doctor/Admin/wpp/js/contabs.js
ERR: 非法操作:js

[ 2016-08-12T18:06:43+08:00 ] ::1 /cars-doctor/Admin/wpp/js/hplus.js?v=4.1.0
ERR: 非法操作:js

[ 2016-08-12T18:06:43+08:00 ] ::1 /cars-doctor/Admin/wpp/js/plugins/pace/pace.min.js
ERR: 非法操作:js

[ 2016-08-12T18:06:43+08:00 ] ::1 /cars-doctor/Admin/wpp/css/animate.css
ERR: 非法操作:css

[ 2016-08-12T18:06:43+08:00 ] ::1 /cars-doctor/Admin/wpp/js/bootstrap.min.js?v=3.3.6
ERR: 非法操作:js

[ 2016-08-12T18:06:43+08:00 ] ::1 /cars-doctor/Admin/wpp/css/style.css?v=4.1.0
ERR: 非法操作:css

[ 2016-08-12T18:06:43+08:00 ] ::1 /cars-doctor/Admin/wpp/js/jquery.min.js?v=2.1.4
ERR: 非法操作:js

[ 2016-08-12T18:06:43+08:00 ] ::1 /cars-doctor/Admin/wpp/js/content.js
ERR: 非法操作:js

[ 2016-08-12T18:06:43+08:00 ] ::1 /cars-doctor/Admin/wpp/css/bootstrap.min.css?v=3.3.6
ERR: 非法操作:css

[ 2016-08-12T18:06:43+08:00 ] ::1 /cars-doctor/Admin/wpp/js/plugins/layer/layer.min.js
ERR: 非法操作:js

[ 2016-08-12T18:06:43+08:00 ] ::1 /cars-doctor/Admin/wpp/css/font-awesome.css?v=4.4.0
ERR: 非法操作:css

[ 2016-08-12T18:06:43+08:00 ] ::1 /cars-doctor/Admin/wpp/js/welcome.js
ERR: 非法操作:js

[ 2016-08-12T18:06:57+08:00 ] ::1 /cars-doctor/Admin/wpp/css/animate.css
ERR: 非法操作:css

[ 2016-08-12T18:06:57+08:00 ] ::1 /cars-doctor/Admin/wpp/css/bootstrap.min.css?v=3.3.6
ERR: 非法操作:css

[ 2016-08-12T18:06:57+08:00 ] ::1 /cars-doctor/Admin/wpp/css/font-awesome.min.css?v=4.4.0
ERR: 非法操作:css

[ 2016-08-12T18:06:57+08:00 ] ::1 /cars-doctor/Admin/wpp/css/style.css?v=4.1.0
ERR: 非法操作:css

[ 2016-08-12T18:06:57+08:00 ] ::1 /cars-doctor/Admin/wpp/js/jquery.min.js?v=2.1.4
ERR: 非法操作:js

[ 2016-08-12T18:06:57+08:00 ] ::1 /cars-doctor/Admin/wpp/js/bootstrap.min.js?v=3.3.6
ERR: 非法操作:js

[ 2016-08-12T18:06:57+08:00 ] ::1 /cars-doctor/Admin/wpp/js/plugins/metisMenu/jquery.metisMenu.js
ERR: 非法操作:js

[ 2016-08-12T18:06:57+08:00 ] ::1 /cars-doctor/Admin/wpp/js/plugins/layer/layer.min.js
ERR: 非法操作:js

[ 2016-08-12T18:06:58+08:00 ] ::1 /cars-doctor/Admin/wpp/js/plugins/slimscroll/jquery.slimscroll.min.js
ERR: 非法操作:js

[ 2016-08-12T18:06:58+08:00 ] ::1 /cars-doctor/Admin/wpp/js/hplus.js?v=4.1.0
ERR: 非法操作:js

[ 2016-08-12T18:06:58+08:00 ] ::1 /cars-doctor/Admin/wpp/js/plugins/pace/pace.min.js
ERR: 非法操作:js

[ 2016-08-12T18:06:58+08:00 ] ::1 /cars-doctor/Admin/wpp/css/font-awesome.css?v=4.4.0
ERR: 非法操作:css

[ 2016-08-12T18:06:58+08:00 ] ::1 /cars-doctor/Admin/wpp/js/content.js
ERR: 非法操作:js

[ 2016-08-12T18:06:58+08:00 ] ::1 /cars-doctor/Admin/wpp/js/welcome.js
ERR: 非法操作:js

[ 2016-08-12T18:06:58+08:00 ] ::1 /cars-doctor/Admin/wpp/js/contabs.js
ERR: 非法操作:js

[ 2016-08-12T18:06:59+08:00 ] ::1 /cars-doctor/Admin/wpp/css/font-awesome.min.css?v=4.4.0
ERR: 非法操作:css

[ 2016-08-12T18:06:59+08:00 ] ::1 /cars-doctor/Admin/wpp/css/animate.css
ERR: 非法操作:css

[ 2016-08-12T18:06:59+08:00 ] ::1 /cars-doctor/Admin/wpp/css/bootstrap.min.css?v=3.3.6
ERR: 非法操作:css

[ 2016-08-12T18:06:59+08:00 ] ::1 /cars-doctor/Admin/wpp/css/style.css?v=4.1.0
ERR: 非法操作:css

[ 2016-08-12T18:06:59+08:00 ] ::1 /cars-doctor/Admin/wpp/js/bootstrap.min.js?v=3.3.6
ERR: 非法操作:js

[ 2016-08-12T18:06:59+08:00 ] ::1 /cars-doctor/Admin/wpp/js/plugins/metisMenu/jquery.metisMenu.js
ERR: 非法操作:js

[ 2016-08-12T18:06:59+08:00 ] ::1 /cars-doctor/Admin/wpp/js/plugins/layer/layer.min.js
ERR: 非法操作:js

[ 2016-08-12T18:06:59+08:00 ] ::1 /cars-doctor/Admin/wpp/js/plugins/slimscroll/jquery.slimscroll.min.js
ERR: 非法操作:js

[ 2016-08-12T18:06:59+08:00 ] ::1 /cars-doctor/Admin/wpp/js/contabs.js
ERR: 非法操作:js

[ 2016-08-12T18:06:59+08:00 ] ::1 /cars-doctor/Admin/wpp/js/jquery.min.js?v=2.1.4
ERR: 非法操作:js

[ 2016-08-12T18:06:59+08:00 ] ::1 /cars-doctor/Admin/wpp/js/plugins/pace/pace.min.js
ERR: 非法操作:js

[ 2016-08-12T18:06:59+08:00 ] ::1 /cars-doctor/Admin/wpp/js/hplus.js?v=4.1.0
ERR: 非法操作:js

[ 2016-08-12T18:07:00+08:00 ] ::1 /cars-doctor/Admin/wpp/css/font-awesome.css?v=4.4.0
ERR: 非法操作:css

[ 2016-08-12T18:07:00+08:00 ] ::1 /cars-doctor/Admin/wpp/js/content.js
ERR: 非法操作:js

[ 2016-08-12T18:07:00+08:00 ] ::1 /cars-doctor/Admin/wpp/js/welcome.js
ERR: 非法操作:js

[ 2016-08-12T18:07:02+08:00 ] ::1 /cars-doctor/Admin/wpp/css/animate.css
ERR: 非法操作:css

[ 2016-08-12T18:07:02+08:00 ] ::1 /cars-doctor/Admin/wpp/css/font-awesome.css?v=4.4.0
ERR: 非法操作:css

[ 2016-08-12T18:07:02+08:00 ] ::1 /cars-doctor/Admin/wpp/css/style.css?v=4.1.0
ERR: 非法操作:css

[ 2016-08-12T18:07:02+08:00 ] ::1 /cars-doctor/Admin/wpp/css/bootstrap.min.css?v=3.3.6
ERR: 非法操作:css

[ 2016-08-12T18:07:02+08:00 ] ::1 /cars-doctor/Admin/wpp/js/plugins/peity/jquery.peity.min.js
ERR: 非法操作:js

[ 2016-08-12T18:07:02+08:00 ] ::1 /cars-doctor/Admin/wpp/js/plugins/jqgrid/i18n/grid.locale-cn.js?0820
ERR: 非法操作:js

[ 2016-08-12T18:07:02+08:00 ] ::1 /cars-doctor/Admin/wpp/js/jquery.min.js?v=2.1.4
ERR: 非法操作:js

[ 2016-08-12T18:07:02+08:00 ] ::1 /cars-doctor/Admin/wpp/css/plugins/jqgrid/ui.jqgrid.css?0820
ERR: 非法操作:css

[ 2016-08-12T18:07:02+08:00 ] ::1 /cars-doctor/Admin/wpp/js/bootstrap.min.js?v=3.3.6
ERR: 非法操作:js

[ 2016-08-12T18:07:02+08:00 ] ::1 /cars-doctor/Admin/wpp/js/content.js?v=1.0.0
ERR: 非法操作:js

[ 2016-08-12T18:07:02+08:00 ] ::1 /cars-doctor/Admin/wpp/js/plugins/jqgrid/jquery.jqGrid.min.js?0820
ERR: 非法操作:js

[ 2016-08-12T18:07:10+08:00 ] ::1 /cars-doctor/Admin/wpp/css/font-awesome.css?v=4.4.0
ERR: 非法操作:css

[ 2016-08-12T18:07:10+08:00 ] ::1 /cars-doctor/Admin/wpp/css/bootstrap.min.css?v=3.3.6
ERR: 非法操作:css

[ 2016-08-12T18:07:10+08:00 ] ::1 /cars-doctor/Admin/wpp/js/bootstrap.min.js?v=3.3.6
ERR: 非法操作:js

[ 2016-08-12T18:07:10+08:00 ] ::1 /cars-doctor/Admin/wpp/js/jquery.min.js?v=2.1.4
ERR: 非法操作:js

[ 2016-08-12T18:07:10+08:00 ] ::1 /cars-doctor/Admin/wpp/css/plugins/dataTables/dataTables.bootstrap.css
ERR: 非法操作:css

[ 2016-08-12T18:07:10+08:00 ] ::1 /cars-doctor/Admin/wpp/js/plugins/dataTables/jquery.dataTables.js
ERR: 非法操作:js

[ 2016-08-12T18:07:10+08:00 ] ::1 /cars-doctor/Admin/wpp/css/style.css?v=4.1.0
ERR: 非法操作:css

[ 2016-08-12T18:07:10+08:00 ] ::1 /cars-doctor/Admin/wpp/js/plugins/jeditable/jquery.jeditable.js
ERR: 非法操作:js

[ 2016-08-12T18:07:11+08:00 ] ::1 /cars-doctor/Admin/wpp/css/animate.css
ERR: 非法操作:css

[ 2016-08-12T18:07:11+08:00 ] ::1 /cars-doctor/Admin/wpp/js/plugins/dataTables/dataTables.bootstrap.js
ERR: 非法操作:js

[ 2016-08-12T18:07:11+08:00 ] ::1 /cars-doctor/Admin/wpp/js/content.js?v=1.0.0
ERR: 非法操作:js

[ 2016-08-12T18:08:44+08:00 ] ::1 /cars-doctor/Admin/wpp/css/style.css?v=4.1.0
ERR: 非法操作:css

[ 2016-08-12T18:08:44+08:00 ] ::1 /cars-doctor/Admin/wpp/css/animate.css
ERR: 非法操作:css

[ 2016-08-12T18:08:44+08:00 ] ::1 /cars-doctor/Admin/wpp/js/jquery.min.js?v=2.1.4
ERR: 非法操作:js

[ 2016-08-12T18:08:44+08:00 ] ::1 /cars-doctor/Admin/wpp/css/bootstrap.min.css?v=3.3.6
ERR: 非法操作:css

[ 2016-08-12T18:08:44+08:00 ] ::1 /cars-doctor/Admin/wpp/js/bootstrap.min.js?v=3.3.6
ERR: 非法操作:js

[ 2016-08-12T18:08:44+08:00 ] ::1 /cars-doctor/Admin/wpp/js/plugins/layer/layer.min.js
ERR: 非法操作:js

[ 2016-08-12T18:08:44+08:00 ] ::1 /cars-doctor/Admin/wpp/js/plugins/metisMenu/jquery.metisMenu.js
ERR: 非法操作:js

[ 2016-08-12T18:08:44+08:00 ] ::1 /cars-doctor/Admin/wpp/js/contabs.js
ERR: 非法操作:js

[ 2016-08-12T18:08:44+08:00 ] ::1 /cars-doctor/Admin/wpp/js/plugins/slimscroll/jquery.slimscroll.min.js
ERR: 非法操作:js

[ 2016-08-12T18:08:44+08:00 ] ::1 /cars-doctor/Admin/wpp/js/hplus.js?v=4.1.0
ERR: 非法操作:js

[ 2016-08-12T18:08:44+08:00 ] ::1 /cars-doctor/Admin/wpp/js/plugins/pace/pace.min.js
ERR: 非法操作:js

[ 2016-08-12T18:08:45+08:00 ] ::1 /cars-doctor/Admin/wpp/css/style.css?v=4.1.0
ERR: 非法操作:css

[ 2016-08-12T18:08:45+08:00 ] ::1 /cars-doctor/Admin/wpp/js/jquery.min.js?v=2.1.4
ERR: 非法操作:js

[ 2016-08-12T18:08:45+08:00 ] ::1 /cars-doctor/Admin/wpp/css/animate.css
ERR: 非法操作:css

[ 2016-08-12T18:08:45+08:00 ] ::1 /cars-doctor/Admin/wpp/css/font-awesome.css?v=4.4.0
ERR: 非法操作:css

[ 2016-08-12T18:08:45+08:00 ] ::1 /cars-doctor/Admin/wpp/js/bootstrap.min.js?v=3.3.6
ERR: 非法操作:js

[ 2016-08-12T18:08:45+08:00 ] ::1 /cars-doctor/Admin/wpp/css/bootstrap.min.css?v=3.3.6
ERR: 非法操作:css

[ 2016-08-12T18:08:45+08:00 ] ::1 /cars-doctor/Admin/wpp/js/plugins/layer/layer.min.js
ERR: 非法操作:js

[ 2016-08-12T18:08:45+08:00 ] ::1 /cars-doctor/Admin/wpp/js/content.js
ERR: 非法操作:js

[ 2016-08-12T18:08:45+08:00 ] ::1 /cars-doctor/Admin/wpp/js/welcome.js
ERR: 非法操作:js

[ 2016-08-12T18:09:26+08:00 ] ::1 /cars-doctor/Admin/wpp/css/bootstrap.min.css?v=3.3.6
ERR: 非法操作:css

[ 2016-08-12T18:09:26+08:00 ] ::1 /cars-doctor/Admin/wpp/js/plugins/slimscroll/jquery.slimscroll.min.js
ERR: 非法操作:js

[ 2016-08-12T18:09:26+08:00 ] ::1 /cars-doctor/Admin/wpp/js/plugins/metisMenu/jquery.metisMenu.js
ERR: 非法操作:js

[ 2016-08-12T18:09:26+08:00 ] ::1 /cars-doctor/Admin/wpp/js/bootstrap.min.js?v=3.3.6
ERR: 非法操作:js

[ 2016-08-12T18:09:26+08:00 ] ::1 /cars-doctor/Admin/wpp/js/hplus.js?v=4.1.0
ERR: 非法操作:js

[ 2016-08-12T18:09:26+08:00 ] ::1 /cars-doctor/Admin/wpp/js/plugins/layer/layer.min.js
ERR: 非法操作:js

[ 2016-08-12T18:09:26+08:00 ] ::1 /cars-doctor/Admin/wpp/js/jquery.min.js?v=2.1.4
ERR: 非法操作:js

[ 2016-08-12T18:09:26+08:00 ] ::1 /cars-doctor/Admin/wpp/js/plugins/pace/pace.min.js
ERR: 非法操作:js

[ 2016-08-12T18:09:26+08:00 ] ::1 /cars-doctor/Admin/wpp/js/contabs.js
ERR: 非法操作:js

[ 2016-08-12T18:09:27+08:00 ] ::1 /cars-doctor/Admin/wpp/css/bootstrap.min.css?v=3.3.6
ERR: 非法操作:css

[ 2016-08-12T18:09:27+08:00 ] ::1 /cars-doctor/Admin/wpp/js/bootstrap.min.js?v=3.3.6
ERR: 非法操作:js

[ 2016-08-12T18:09:27+08:00 ] ::1 /cars-doctor/Admin/wpp/css/font-awesome.css?v=4.4.0
ERR: 非法操作:css

[ 2016-08-12T18:09:27+08:00 ] ::1 /cars-doctor/Admin/wpp/js/jquery.min.js?v=2.1.4
ERR: 非法操作:js

[ 2016-08-12T18:09:27+08:00 ] ::1 /cars-doctor/Admin/wpp/css/style.css?v=4.1.0
ERR: 非法操作:css

[ 2016-08-12T18:09:27+08:00 ] ::1 /cars-doctor/Admin/wpp/js/content.js
ERR: 非法操作:js

[ 2016-08-12T18:09:27+08:00 ] ::1 /cars-doctor/Admin/wpp/js/plugins/layer/layer.min.js
ERR: 非法操作:js

[ 2016-08-12T18:09:27+08:00 ] ::1 /cars-doctor/Admin/wpp/css/animate.css
ERR: 非法操作:css

[ 2016-08-12T18:09:27+08:00 ] ::1 /cars-doctor/Admin/wpp/js/welcome.js
ERR: 非法操作:js

[ 2016-08-12T18:09:28+08:00 ] ::1 /cars-doctor/Admin/wpp/css/bootstrap.min.css?v=3.3.6
ERR: 非法操作:css

[ 2016-08-12T18:09:28+08:00 ] ::1 /cars-doctor/Admin/wpp/js/bootstrap.min.js?v=3.3.6
ERR: 非法操作:js

[ 2016-08-12T18:09:28+08:00 ] ::1 /cars-doctor/Admin/wpp/js/jquery.min.js?v=2.1.4
ERR: 非法操作:js

[ 2016-08-12T18:09:28+08:00 ] ::1 /cars-doctor/Admin/wpp/js/plugins/metisMenu/jquery.metisMenu.js
ERR: 非法操作:js

[ 2016-08-12T18:09:28+08:00 ] ::1 /cars-doctor/Admin/wpp/js/plugins/layer/layer.min.js
ERR: 非法操作:js

[ 2016-08-12T18:09:28+08:00 ] ::1 /cars-doctor/Admin/wpp/js/hplus.js?v=4.1.0
ERR: 非法操作:js

[ 2016-08-12T18:09:28+08:00 ] ::1 /cars-doctor/Admin/wpp/js/contabs.js
ERR: 非法操作:js

[ 2016-08-12T18:09:28+08:00 ] ::1 /cars-doctor/Admin/wpp/js/plugins/slimscroll/jquery.slimscroll.min.js
ERR: 非法操作:js

[ 2016-08-12T18:09:28+08:00 ] ::1 /cars-doctor/Admin/wpp/js/plugins/pace/pace.min.js
ERR: 非法操作:js

[ 2016-08-12T18:09:29+08:00 ] ::1 /cars-doctor/Admin/wpp/css/bootstrap.min.css?v=3.3.6
ERR: 非法操作:css

[ 2016-08-12T18:09:29+08:00 ] ::1 /cars-doctor/Admin/wpp/css/style.css?v=4.1.0
ERR: 非法操作:css

[ 2016-08-12T18:09:29+08:00 ] ::1 /cars-doctor/Admin/wpp/js/jquery.min.js?v=2.1.4
ERR: 非法操作:js

[ 2016-08-12T18:09:29+08:00 ] ::1 /cars-doctor/Admin/wpp/css/font-awesome.css?v=4.4.0
ERR: 非法操作:css

[ 2016-08-12T18:09:29+08:00 ] ::1 /cars-doctor/Admin/wpp/js/bootstrap.min.js?v=3.3.6
ERR: 非法操作:js

[ 2016-08-12T18:09:29+08:00 ] ::1 /cars-doctor/Admin/wpp/css/animate.css
ERR: 非法操作:css

[ 2016-08-12T18:09:29+08:00 ] ::1 /cars-doctor/Admin/wpp/js/plugins/layer/layer.min.js
ERR: 非法操作:js

[ 2016-08-12T18:09:29+08:00 ] ::1 /cars-doctor/Admin/wpp/js/content.js
ERR: 非法操作:js

[ 2016-08-12T18:09:29+08:00 ] ::1 /cars-doctor/Admin/wpp/js/welcome.js
ERR: 非法操作:js

[ 2016-08-12T18:09:47+08:00 ] ::1 /cars-doctor/Admin/wpp/js/jquery.min.js?v=2.1.4
ERR: 非法操作:js

[ 2016-08-12T18:09:47+08:00 ] ::1 /cars-doctor/Admin/wpp/cbs-style/css/font-awesome.min.css?v=4.4.0
ERR: 非法操作:cbs-style

[ 2016-08-12T18:09:47+08:00 ] ::1 /cars-doctor/Admin/wpp/cbs-style/css/style.css?v=4.1.0
ERR: 非法操作:cbs-style

[ 2016-08-12T18:09:47+08:00 ] ::1 /cars-doctor/Admin/wpp/css/bootstrap.min.css?v=3.3.6
ERR: 非法操作:css

[ 2016-08-12T18:09:47+08:00 ] ::1 /cars-doctor/Admin/wpp/js/bootstrap.min.js?v=3.3.6
ERR: 非法操作:js

[ 2016-08-12T18:09:47+08:00 ] ::1 /cars-doctor/Admin/wpp/js/plugins/metisMenu/jquery.metisMenu.js
ERR: 非法操作:js

[ 2016-08-12T18:09:47+08:00 ] ::1 /cars-doctor/Admin/wpp/js/hplus.js?v=4.1.0
ERR: 非法操作:js

[ 2016-08-12T18:09:47+08:00 ] ::1 /cars-doctor/Admin/wpp/js/plugins/slimscroll/jquery.slimscroll.min.js
ERR: 非法操作:js

[ 2016-08-12T18:09:47+08:00 ] ::1 /cars-doctor/Admin/wpp/js/plugins/layer/layer.min.js
ERR: 非法操作:js

[ 2016-08-12T18:09:47+08:00 ] ::1 /cars-doctor/Admin/wpp/cbs-style/css/animate.css
ERR: 非法操作:cbs-style

[ 2016-08-12T18:09:47+08:00 ] ::1 /cars-doctor/Admin/wpp/js/plugins/pace/pace.min.js
ERR: 非法操作:js

[ 2016-08-12T18:09:47+08:00 ] ::1 /cars-doctor/Admin/wpp/js/contabs.js
ERR: 非法操作:js

[ 2016-08-12T18:09:48+08:00 ] ::1 /cars-doctor/Admin/wpp/css/animate.css
ERR: 非法操作:css

[ 2016-08-12T18:09:48+08:00 ] ::1 /cars-doctor/Admin/wpp/js/welcome.js
ERR: 非法操作:js

[ 2016-08-12T18:09:48+08:00 ] ::1 /cars-doctor/Admin/wpp/css/style.css?v=4.1.0
ERR: 非法操作:css

[ 2016-08-12T18:09:48+08:00 ] ::1 /cars-doctor/Admin/wpp/css/font-awesome.css?v=4.4.0
ERR: 非法操作:css

[ 2016-08-12T18:09:48+08:00 ] ::1 /cars-doctor/Admin/wpp/js/content.js
ERR: 非法操作:js

[ 2016-08-12T18:09:49+08:00 ] ::1 /cars-doctor/Admin/wpp/js/jquery.min.js?v=2.1.4
ERR: 非法操作:js

[ 2016-08-12T18:09:49+08:00 ] ::1 /cars-doctor/Admin/wpp/cbs-style/css/style.css?v=4.1.0
ERR: 非法操作:cbs-style

[ 2016-08-12T18:09:49+08:00 ] ::1 /cars-doctor/Admin/wpp/cbs-style/css/font-awesome.min.css?v=4.4.0
ERR: 非法操作:cbs-style

[ 2016-08-12T18:09:49+08:00 ] ::1 /cars-doctor/Admin/wpp/css/bootstrap.min.css?v=3.3.6
ERR: 非法操作:css

[ 2016-08-12T18:09:49+08:00 ] ::1 /cars-doctor/Admin/wpp/cbs-style/css/animate.css
ERR: 非法操作:cbs-style

[ 2016-08-12T18:09:49+08:00 ] ::1 /cars-doctor/Admin/wpp/js/bootstrap.min.js?v=3.3.6
ERR: 非法操作:js

[ 2016-08-12T18:09:49+08:00 ] ::1 /cars-doctor/Admin/wpp/js/plugins/metisMenu/jquery.metisMenu.js
ERR: 非法操作:js

[ 2016-08-12T18:09:49+08:00 ] ::1 /cars-doctor/Admin/wpp/js/plugins/slimscroll/jquery.slimscroll.min.js
ERR: 非法操作:js

[ 2016-08-12T18:09:49+08:00 ] ::1 /cars-doctor/Admin/wpp/js/plugins/layer/layer.min.js
ERR: 非法操作:js

[ 2016-08-12T18:09:49+08:00 ] ::1 /cars-doctor/Admin/wpp/js/hplus.js?v=4.1.0
ERR: 非法操作:js

[ 2016-08-12T18:09:49+08:00 ] ::1 /cars-doctor/Admin/wpp/js/contabs.js
ERR: 非法操作:js

[ 2016-08-12T18:09:49+08:00 ] ::1 /cars-doctor/Admin/wpp/js/plugins/pace/pace.min.js
ERR: 非法操作:js

[ 2016-08-12T18:09:50+08:00 ] ::1 /cars-doctor/Admin/wpp/js/plugins/layer/layer.min.js
ERR: 非法操作:js

[ 2016-08-12T18:09:50+08:00 ] ::1 /cars-doctor/Admin/wpp/js/plugins/metisMenu/jquery.metisMenu.js
ERR: 非法操作:js

[ 2016-08-12T18:09:50+08:00 ] ::1 /cars-doctor/Admin/wpp/js/plugins/slimscroll/jquery.slimscroll.min.js
ERR: 非法操作:js

[ 2016-08-12T18:09:50+08:00 ] ::1 /cars-doctor/Admin/wpp/js/jquery.min.js?v=2.1.4
ERR: 非法操作:js

[ 2016-08-12T18:09:50+08:00 ] ::1 /cars-doctor/Admin/wpp/js/bootstrap.min.js?v=3.3.6
ERR: 非法操作:js

[ 2016-08-12T18:09:50+08:00 ] ::1 /cars-doctor/Admin/wpp/js/hplus.js?v=4.1.0
ERR: 非法操作:js

[ 2016-08-12T18:09:50+08:00 ] ::1 /cars-doctor/Admin/wpp/js/plugins/pace/pace.min.js
ERR: 非法操作:js

[ 2016-08-12T18:09:50+08:00 ] ::1 /cars-doctor/Admin/wpp/js/contabs.js
ERR: 非法操作:js

[ 2016-08-12T18:09:50+08:00 ] ::1 /cars-doctor/Admin/wpp/css/animate.css
ERR: 非法操作:css

[ 2016-08-12T18:09:50+08:00 ] ::1 /cars-doctor/Admin/wpp/css/style.css?v=4.1.0
ERR: 非法操作:css

[ 2016-08-12T18:09:50+08:00 ] ::1 /cars-doctor/Admin/wpp/js/bootstrap.min.js?v=3.3.6
ERR: 非法操作:js

[ 2016-08-12T18:09:50+08:00 ] ::1 /cars-doctor/Admin/wpp/js/jquery.min.js?v=2.1.4
ERR: 非法操作:js

[ 2016-08-12T18:09:51+08:00 ] ::1 /cars-doctor/Admin/wpp/js/plugins/layer/layer.min.js
ERR: 非法操作:js

[ 2016-08-12T18:09:51+08:00 ] ::1 /cars-doctor/Admin/wpp/css/font-awesome.css?v=4.4.0
ERR: 非法操作:css

[ 2016-08-12T18:09:51+08:00 ] ::1 /cars-doctor/Admin/wpp/js/welcome.js
ERR: 非法操作:js

[ 2016-08-12T18:09:51+08:00 ] ::1 /cars-doctor/Admin/wpp/js/content.js
ERR: 非法操作:js

[ 2016-08-12T18:11:04+08:00 ] ::1 /cars-doctor/Admin/wpp/css/bootstrap.min.css?v=3.3.6
ERR: 非法操作:css

[ 2016-08-12T18:11:05+08:00 ] ::1 /cars-doctor/Admin/wpp/css/animate.css
ERR: 非法操作:css

[ 2016-08-12T18:11:05+08:00 ] ::1 /cars-doctor/Admin/wpp/css/font-awesome.css?v=4.4.0
ERR: 非法操作:css

[ 2016-08-12T18:11:05+08:00 ] ::1 /cars-doctor/Admin/wpp/js/bootstrap.min.js?v=3.3.6
ERR: 非法操作:js

[ 2016-08-12T18:11:05+08:00 ] ::1 /cars-doctor/Admin/wpp/js/jquery.min.js?v=2.1.4
ERR: 非法操作:js

[ 2016-08-12T18:11:05+08:00 ] ::1 /cars-doctor/Admin/wpp/css/style.css?v=4.1.0
ERR: 非法操作:css

[ 2016-08-12T18:11:05+08:00 ] ::1 /cars-doctor/Admin/wpp/js/plugins/layer/layer.min.js
ERR: 非法操作:js

[ 2016-08-12T18:11:05+08:00 ] ::1 /cars-doctor/Admin/wpp/js/content.js
ERR: 非法操作:js

[ 2016-08-12T18:11:05+08:00 ] ::1 /cars-doctor/Admin/wpp/js/welcome.js
ERR: 非法操作:js

[ 2016-08-12T18:11:06+08:00 ] ::1 /cars-doctor/Admin/wpp/css/bootstrap.min.css?v=3.3.6
ERR: 非法操作:css

[ 2016-08-12T18:11:07+08:00 ] ::1 /cars-doctor/Admin/wpp/css/font-awesome.css?v=4.4.0
ERR: 非法操作:css

[ 2016-08-12T18:11:07+08:00 ] ::1 /cars-doctor/Admin/wpp/js/jquery.min.js?v=2.1.4
ERR: 非法操作:js

[ 2016-08-12T18:11:07+08:00 ] ::1 /cars-doctor/Admin/wpp/css/animate.css
ERR: 非法操作:css

[ 2016-08-12T18:11:07+08:00 ] ::1 /cars-doctor/Admin/wpp/js/bootstrap.min.js?v=3.3.6
ERR: 非法操作:js

[ 2016-08-12T18:11:07+08:00 ] ::1 /cars-doctor/Admin/wpp/css/style.css?v=4.1.0
ERR: 非法操作:css

[ 2016-08-12T18:11:07+08:00 ] ::1 /cars-doctor/Admin/wpp/js/welcome.js
ERR: 非法操作:js

[ 2016-08-12T18:11:07+08:00 ] ::1 /cars-doctor/Admin/wpp/js/content.js
ERR: 非法操作:js

[ 2016-08-12T18:11:07+08:00 ] ::1 /cars-doctor/Admin/wpp/js/plugins/layer/layer.min.js
ERR: 非法操作:js

[ 2016-08-12T18:11:12+08:00 ] ::1 /cars-doctor/Admin/wpp/css/style.css?v=4.1.0
ERR: 非法操作:css

[ 2016-08-12T18:11:12+08:00 ] ::1 /cars-doctor/Admin/wpp/css/plugins/jqgrid/ui.jqgrid.css?0820
ERR: 非法操作:css

[ 2016-08-12T18:11:12+08:00 ] ::1 /cars-doctor/Admin/wpp/css/animate.css
ERR: 非法操作:css

[ 2016-08-12T18:11:12+08:00 ] ::1 /cars-doctor/Admin/wpp/css/bootstrap.min.css?v=3.3.6
ERR: 非法操作:css

[ 2016-08-12T18:11:12+08:00 ] ::1 /cars-doctor/Admin/wpp/css/font-awesome.css?v=4.4.0
ERR: 非法操作:css

[ 2016-08-12T18:11:12+08:00 ] ::1 /cars-doctor/Admin/wpp/js/jquery.min.js?v=2.1.4
ERR: 非法操作:js

[ 2016-08-12T18:11:12+08:00 ] ::1 /cars-doctor/Admin/wpp/js/plugins/peity/jquery.peity.min.js
ERR: 非法操作:js

[ 2016-08-12T18:11:12+08:00 ] ::1 /cars-doctor/Admin/wpp/js/bootstrap.min.js?v=3.3.6
ERR: 非法操作:js

[ 2016-08-12T18:11:12+08:00 ] ::1 /cars-doctor/Admin/wpp/js/plugins/jqgrid/i18n/grid.locale-cn.js?0820
ERR: 非法操作:js

[ 2016-08-12T18:11:12+08:00 ] ::1 /cars-doctor/Admin/wpp/js/plugins/jqgrid/jquery.jqGrid.min.js?0820
ERR: 非法操作:js

[ 2016-08-12T18:11:12+08:00 ] ::1 /cars-doctor/Admin/wpp/js/content.js?v=1.0.0
ERR: 非法操作:js

