[ 2016-09-29T16:56:12+08:00 ] ::1 /cars-doctor/admin.php/index_v1.html?v=4.0
ERR: 无法加载控制器:Index_v1

[ 2016-09-29T16:56:22+08:00 ] ::1 /cars-doctor/admin.php/index_v1.html?v=4.0
ERR: 无法加载控制器:Index_v1

[ 2016-09-29T16:56:30+08:00 ] ::1 /cars-doctor/admin.php/index_v1.html?v=4.0
ERR: 无法加载控制器:Index_v1

[ 2016-09-29T16:56:47+08:00 ] ::1 /cars-doctor/admin.php/Wpp/css/animate.css
ERR: 非法操作:css

[ 2016-09-29T16:56:47+08:00 ] ::1 /cars-doctor/admin.php/Wpp/css/font-awesome.css?v=4.4.0
ERR: 非法操作:css

[ 2016-09-29T16:56:47+08:00 ] ::1 /cars-doctor/admin.php/Wpp/css/bootstrap.min.css?v=3.3.6
ERR: 非法操作:css

[ 2016-09-29T16:56:47+08:00 ] ::1 /cars-doctor/admin.php/Wpp/css/style.css?v=4.1.0
ERR: 非法操作:css

[ 2016-09-29T16:56:47+08:00 ] ::1 /cars-doctor/admin.php/Wpp/css/plugins/jqgrid/ui.jqgrid.css?0820
ERR: 非法操作:css

[ 2016-09-29T16:56:47+08:00 ] ::1 /cars-doctor/admin.php/Wpp/js/jquery.min.js?v=2.1.4
ERR: 非法操作:js

[ 2016-09-29T16:56:47+08:00 ] ::1 /cars-doctor/admin.php/Wpp/js/plugins/jqgrid/i18n/grid.locale-cn.js?0820
ERR: 非法操作:js

[ 2016-09-29T16:56:47+08:00 ] ::1 /cars-doctor/admin.php/Wpp/js/bootstrap.min.js?v=3.3.6
ERR: 非法操作:js

[ 2016-09-29T16:56:47+08:00 ] ::1 /cars-doctor/admin.php/Wpp/js/plugins/jqgrid/jquery.jqGrid.min.js?0820
ERR: 非法操作:js

[ 2016-09-29T16:56:47+08:00 ] ::1 /cars-doctor/admin.php/Wpp/js/plugins/peity/jquery.peity.min.js
ERR: 非法操作:js

[ 2016-09-29T16:56:47+08:00 ] ::1 /cars-doctor/admin.php/Wpp/js/content.js?v=1.0.0
ERR: 非法操作:js

[ 2016-09-29T16:57:10+08:00 ] ::1 /cars-doctor/admin.php/Wpp/css/bootstrap.min.css?v=3.3.6
ERR: 非法操作:css

[ 2016-09-29T16:57:10+08:00 ] ::1 /cars-doctor/admin.php/Wpp/css/style.css?v=4.1.0
ERR: 非法操作:css

[ 2016-09-29T16:57:10+08:00 ] ::1 /cars-doctor/admin.php/Wpp/js/plugins/peity/jquery.peity.min.js
ERR: 非法操作:js

[ 2016-09-29T16:57:10+08:00 ] ::1 /cars-doctor/admin.php/Wpp/css/font-awesome.css?v=4.4.0
ERR: 非法操作:css

[ 2016-09-29T16:57:10+08:00 ] ::1 /cars-doctor/admin.php/Wpp/css/animate.css
ERR: 非法操作:css

[ 2016-09-29T16:57:10+08:00 ] ::1 /cars-doctor/admin.php/Wpp/js/jquery.min.js?v=2.1.4
ERR: 非法操作:js

[ 2016-09-29T16:57:10+08:00 ] ::1 /cars-doctor/admin.php/Wpp/js/content.js?v=1.0.0
ERR: 非法操作:js

[ 2016-09-29T16:57:10+08:00 ] ::1 /cars-doctor/admin.php/Wpp/js/bootstrap.min.js?v=3.3.6
ERR: 非法操作:js

[ 2016-09-29T16:57:10+08:00 ] ::1 /cars-doctor/admin.php/Wpp/js/plugins/rickshaw/vendor/d3.v3.js
ERR: 非法操作:js

[ 2016-09-29T16:57:10+08:00 ] ::1 /cars-doctor/admin.php/Wpp/js/plugins/rickshaw/rickshaw.min.js
ERR: 非法操作:js

[ 2016-09-29T16:57:18+08:00 ] ::1 /cars-doctor/admin.php/Wpp/css/bootstrap.min.css?v=3.3.6
ERR: 非法操作:css

[ 2016-09-29T16:57:18+08:00 ] ::1 /cars-doctor/admin.php/Wpp/css/font-awesome.css?v=4.4.0
ERR: 非法操作:css

[ 2016-09-29T16:57:18+08:00 ] ::1 /cars-doctor/admin.php/Wpp/css/animate.css
ERR: 非法操作:css

[ 2016-09-29T16:57:18+08:00 ] ::1 /cars-doctor/admin.php/Wpp/js/plugins/fancybox/jquery.fancybox.css
ERR: 非法操作:js

[ 2016-09-29T16:57:18+08:00 ] ::1 /cars-doctor/admin.php/Wpp/css/style.css?v=4.1.0
ERR: 非法操作:css

[ 2016-09-29T16:57:18+08:00 ] ::1 /cars-doctor/admin.php/Wpp/js/jquery.min.js?v=2.1.4
ERR: 非法操作:js

[ 2016-09-29T16:57:18+08:00 ] ::1 /cars-doctor/admin.php/Wpp/js/bootstrap.min.js?v=3.3.6
ERR: 非法操作:js

[ 2016-09-29T16:57:18+08:00 ] ::1 /cars-doctor/admin.php/Wpp/js/plugins/fancybox/jquery.fancybox.js
ERR: 非法操作:js

[ 2016-09-29T16:57:18+08:00 ] ::1 /cars-doctor/admin.php/Wpp/js/content.js?v=1.0.0
ERR: 非法操作:js

[ 2016-09-29T16:57:18+08:00 ] ::1 /cars-doctor/admin.php/Wpp/js/plugins/peity/jquery.peity.min.js
ERR: 非法操作:js

[ 2016-09-29T16:57:22+08:00 ] ::1 /cars-doctor/admin.php/Wpp/css/bootstrap.min.css?v=3.3.6
ERR: 非法操作:css

[ 2016-09-29T16:57:22+08:00 ] ::1 /cars-doctor/admin.php/Wpp/css/font-awesome.css?v=4.4.0
ERR: 非法操作:css

[ 2016-09-29T16:57:22+08:00 ] ::1 /cars-doctor/admin.php/Wpp/css/plugins/dataTables/dataTables.bootstrap.css
ERR: 非法操作:css

[ 2016-09-29T16:57:22+08:00 ] ::1 /cars-doctor/admin.php/Wpp/css/animate.css
ERR: 非法操作:css

[ 2016-09-29T16:57:22+08:00 ] ::1 /cars-doctor/admin.php/Wpp/js/jquery.min.js?v=2.1.4
ERR: 非法操作:js

[ 2016-09-29T16:57:22+08:00 ] ::1 /cars-doctor/admin.php/Wpp/js/plugins/jeditable/jquery.jeditable.js
ERR: 非法操作:js

[ 2016-09-29T16:57:22+08:00 ] ::1 /cars-doctor/admin.php/Wpp/js/bootstrap.min.js?v=3.3.6
ERR: 非法操作:js

[ 2016-09-29T16:57:22+08:00 ] ::1 /cars-doctor/admin.php/Wpp/css/style.css?v=4.1.0
ERR: 非法操作:css

[ 2016-09-29T16:57:22+08:00 ] ::1 /cars-doctor/admin.php/Wpp/js/plugins/dataTables/jquery.dataTables.js
ERR: 非法操作:js

[ 2016-09-29T16:57:22+08:00 ] ::1 /cars-doctor/admin.php/Wpp/js/plugins/dataTables/dataTables.bootstrap.js
ERR: 非法操作:js

[ 2016-09-29T16:57:22+08:00 ] ::1 /cars-doctor/admin.php/Wpp/js/content.js?v=1.0.0
ERR: 非法操作:js

[ 2016-09-29T16:57:48+08:00 ] ::1 /cars-doctor/admin.php/Wpp/css/bootstrap.min.css?v=3.3.6
ERR: 非法操作:css

[ 2016-09-29T16:57:48+08:00 ] ::1 /cars-doctor/admin.php/Wpp/css/font-awesome.css?v=4.4.0
ERR: 非法操作:css

[ 2016-09-29T16:57:48+08:00 ] ::1 /cars-doctor/admin.php/Wpp/css/style.css?v=4.1.0
ERR: 非法操作:css

[ 2016-09-29T16:57:49+08:00 ] ::1 /cars-doctor/admin.php/Wpp/js/jquery.min.js?v=2.1.4
ERR: 非法操作:js

[ 2016-09-29T16:57:49+08:00 ] ::1 /cars-doctor/admin.php/Wpp/js/bootstrap.min.js?v=3.3.6
ERR: 非法操作:js

[ 2016-09-29T16:57:49+08:00 ] ::1 /cars-doctor/admin.php/Wpp/css/animate.css
ERR: 非法操作:css

[ 2016-09-29T16:57:49+08:00 ] ::1 /cars-doctor/admin.php/Wpp/js/content.js?v=1.0.0
ERR: 非法操作:js

[ 2016-09-29T16:57:49+08:00 ] ::1 /cars-doctor/admin.php/Wpp/plugins/fullavatareditor/scripts/swfobject.js
ERR: 非法操作:plugins

[ 2016-09-29T16:57:49+08:00 ] ::1 /cars-doctor/admin.php/Wpp/plugins/fullavatareditor/scripts/fullAvatarEditor.js
ERR: 非法操作:plugins

[ 2016-09-29T16:57:49+08:00 ] ::1 /cars-doctor/admin.php/Wpp/plugins/fullavatareditor/scripts/jQuery.Cookie.js
ERR: 非法操作:plugins

[ 2016-09-29T16:57:49+08:00 ] ::1 /cars-doctor/admin.php/Wpp/plugins/fullavatareditor/scripts/test.js
ERR: 非法操作:plugins

