[ 2016-08-13T14:50:11+08:00 ] ::1 /cars-doctor/Admin/css/bootstrap.min.css?v=3.3.6
ERR: 无法加载控制器:Css

[ 2016-08-13T14:50:11+08:00 ] ::1 /cars-doctor/Admin/index_v1.html?v=4.0
ERR: 无法加载控制器:Index_v1

[ 2016-08-13T14:50:35+08:00 ] ::1 /cars-doctor/Admin/css/bootstrap.min.css?v=3.3.6
ERR: 无法加载控制器:Css

[ 2016-08-13T14:50:35+08:00 ] ::1 /cars-doctor/Admin/index_v1.html?v=4.0
ERR: 无法加载控制器:Index_v1

[ 2016-08-13T14:50:45+08:00 ] ::1 /cars-doctor/Admin/Wpp/css/bootstrap.min.css?v=3.3.6
ERR: 非法操作:css

[ 2016-08-13T14:50:45+08:00 ] ::1 /cars-doctor/Admin/Wpp/css/bootstrap.min.css?v=3.3.6
ERR: 非法操作:css

[ 2016-08-13T14:50:46+08:00 ] ::1 /cars-doctor/Admin/Wpp/css/animate.css
ERR: 非法操作:css

[ 2016-08-13T14:50:46+08:00 ] ::1 /cars-doctor/Admin/Wpp/css/font-awesome.css?v=4.4.0
ERR: 非法操作:css

[ 2016-08-13T14:50:46+08:00 ] ::1 /cars-doctor/Admin/Wpp/css/style.css?v=4.1.0
ERR: 非法操作:css

[ 2016-08-13T14:50:46+08:00 ] ::1 /cars-doctor/Admin/Wpp/js/jquery.min.js?v=2.1.4
ERR: 非法操作:js

[ 2016-08-13T14:50:46+08:00 ] ::1 /cars-doctor/Admin/Wpp/js/bootstrap.min.js?v=3.3.6
ERR: 非法操作:js

[ 2016-08-13T14:50:46+08:00 ] ::1 /cars-doctor/Admin/Wpp/js/plugins/layer/layer.min.js
ERR: 非法操作:js

[ 2016-08-13T14:50:46+08:00 ] ::1 /cars-doctor/Admin/Wpp/js/content.js
ERR: 非法操作:js

[ 2016-08-13T14:50:46+08:00 ] ::1 /cars-doctor/Admin/Wpp/js/welcome.js
ERR: 非法操作:js

[ 2016-08-13T14:51:15+08:00 ] ::1 /cars-doctor/Admin/Wpp/css/bootstrap.min.css?v=3.3.6
ERR: 非法操作:css

[ 2016-08-13T14:51:16+08:00 ] ::1 /cars-doctor/Admin/Wpp/css/style.css?v=4.1.0
ERR: 非法操作:css

[ 2016-08-13T14:51:16+08:00 ] ::1 /cars-doctor/Admin/Wpp/css/font-awesome.css?v=4.4.0
ERR: 非法操作:css

[ 2016-08-13T14:51:16+08:00 ] ::1 /cars-doctor/Admin/Wpp/js/jquery.min.js?v=2.1.4
ERR: 非法操作:js

[ 2016-08-13T14:51:16+08:00 ] ::1 /cars-doctor/Admin/Wpp/css/bootstrap.min.css?v=3.3.6
ERR: 非法操作:css

[ 2016-08-13T14:51:16+08:00 ] ::1 /cars-doctor/Admin/Wpp/css/animate.css
ERR: 非法操作:css

[ 2016-08-13T14:51:16+08:00 ] ::1 /cars-doctor/Admin/Wpp/js/bootstrap.min.js?v=3.3.6
ERR: 非法操作:js

[ 2016-08-13T14:51:16+08:00 ] ::1 /cars-doctor/Admin/Wpp/js/plugins/layer/layer.min.js
ERR: 非法操作:js

[ 2016-08-13T14:51:16+08:00 ] ::1 /cars-doctor/Admin/Wpp/js/content.js
ERR: 非法操作:js

[ 2016-08-13T14:51:16+08:00 ] ::1 /cars-doctor/Admin/Wpp/js/welcome.js
ERR: 非法操作:js

[ 2016-08-13T15:08:23+08:00 ] ::1 /cars-doctor/Admin/Wpp/css/bootstrap.min.css?v=3.3.6
ERR: 非法操作:css

[ 2016-08-13T15:08:24+08:00 ] ::1 /cars-doctor/Admin/Wpp/css/font-awesome.css?v=4.4.0
ERR: 非法操作:css

[ 2016-08-13T15:08:24+08:00 ] ::1 /cars-doctor/Admin/Wpp/js/plugins/layer/layer.min.js
ERR: 非法操作:js

[ 2016-08-13T15:08:24+08:00 ] ::1 /cars-doctor/Admin/Wpp/js/jquery.min.js?v=2.1.4
ERR: 非法操作:js

[ 2016-08-13T15:08:24+08:00 ] ::1 /cars-doctor/Admin/Wpp/js/bootstrap.min.js?v=3.3.6
ERR: 非法操作:js

[ 2016-08-13T15:08:24+08:00 ] ::1 /cars-doctor/Admin/Wpp/css/animate.css
ERR: 非法操作:css

[ 2016-08-13T15:08:24+08:00 ] ::1 /cars-doctor/Admin/Wpp/js/content.js
ERR: 非法操作:js

[ 2016-08-13T15:08:24+08:00 ] ::1 /cars-doctor/Admin/Wpp/css/style.css?v=4.1.0
ERR: 非法操作:css

[ 2016-08-13T15:08:24+08:00 ] ::1 /cars-doctor/Admin/Wpp/js/welcome.js
ERR: 非法操作:js

[ 2016-08-13T15:08:26+08:00 ] ::1 /cars-doctor/Admin/Wpp/css/bootstrap.min.css?v=3.3.6
ERR: 非法操作:css

[ 2016-08-13T15:08:26+08:00 ] ::1 /cars-doctor/Admin/Wpp/css/font-awesome.css?v=4.4.0
ERR: 非法操作:css

[ 2016-08-13T15:08:26+08:00 ] ::1 /cars-doctor/Admin/Wpp/css/animate.css
ERR: 非法操作:css

[ 2016-08-13T15:08:26+08:00 ] ::1 /cars-doctor/Admin/Wpp/js/bootstrap.min.js?v=3.3.6
ERR: 非法操作:js

[ 2016-08-13T15:08:26+08:00 ] ::1 /cars-doctor/Admin/Wpp/js/content.js
ERR: 非法操作:js

[ 2016-08-13T15:08:26+08:00 ] ::1 /cars-doctor/Admin/Wpp/js/plugins/layer/layer.min.js
ERR: 非法操作:js

[ 2016-08-13T15:08:26+08:00 ] ::1 /cars-doctor/Admin/Wpp/css/style.css?v=4.1.0
ERR: 非法操作:css

[ 2016-08-13T15:08:26+08:00 ] ::1 /cars-doctor/Admin/Wpp/js/welcome.js
ERR: 非法操作:js

[ 2016-08-13T15:08:26+08:00 ] ::1 /cars-doctor/Admin/Wpp/js/jquery.min.js?v=2.1.4
ERR: 非法操作:js

[ 2016-08-13T15:08:32+08:00 ] ::1 /cars-doctor/Admin/Wpp/css/style.css?v=4.1.0
ERR: 非法操作:css

[ 2016-08-13T15:08:32+08:00 ] ::1 /cars-doctor/Admin/Wpp/css/bootstrap.min.css?v=3.3.6
ERR: 非法操作:css

[ 2016-08-13T15:08:33+08:00 ] ::1 /cars-doctor/Admin/Wpp/css/animate.css
ERR: 非法操作:css

[ 2016-08-13T15:08:33+08:00 ] ::1 /cars-doctor/Admin/Wpp/js/jquery.min.js?v=2.1.4
ERR: 非法操作:js

[ 2016-08-13T15:08:33+08:00 ] ::1 /cars-doctor/Admin/Wpp/css/font-awesome.css?v=4.4.0
ERR: 非法操作:css

[ 2016-08-13T15:08:33+08:00 ] ::1 /cars-doctor/Admin/Wpp/css/plugins/dataTables/dataTables.bootstrap.css
ERR: 非法操作:css

[ 2016-08-13T15:08:33+08:00 ] ::1 /cars-doctor/Admin/Wpp/js/plugins/dataTables/jquery.dataTables.js
ERR: 非法操作:js

[ 2016-08-13T15:08:33+08:00 ] ::1 /cars-doctor/Admin/Wpp/js/content.js?v=1.0.0
ERR: 非法操作:js

[ 2016-08-13T15:08:33+08:00 ] ::1 /cars-doctor/Admin/Wpp/js/plugins/dataTables/dataTables.bootstrap.js
ERR: 非法操作:js

[ 2016-08-13T15:08:33+08:00 ] ::1 /cars-doctor/Admin/Wpp/js/plugins/jeditable/jquery.jeditable.js
ERR: 非法操作:js

[ 2016-08-13T15:08:33+08:00 ] ::1 /cars-doctor/Admin/Wpp/js/bootstrap.min.js?v=3.3.6
ERR: 非法操作:js

[ 2016-08-13T15:08:35+08:00 ] ::1 /cars-doctor/Admin/Wpp/css/font-awesome.css?v=4.4.0
ERR: 非法操作:css

[ 2016-08-13T15:08:35+08:00 ] ::1 /cars-doctor/Admin/Wpp/css/animate.css
ERR: 非法操作:css

[ 2016-08-13T15:08:35+08:00 ] ::1 /cars-doctor/Admin/Wpp/js/jquery.min.js?v=2.1.4
ERR: 非法操作:js

[ 2016-08-13T15:08:35+08:00 ] ::1 /cars-doctor/Admin/Wpp/css/bootstrap.min.css?v=3.3.6
ERR: 非法操作:css

[ 2016-08-13T15:08:35+08:00 ] ::1 /cars-doctor/Admin/Wpp/css/plugins/dataTables/dataTables.bootstrap.css
ERR: 非法操作:css

[ 2016-08-13T15:08:35+08:00 ] ::1 /cars-doctor/Admin/Wpp/css/style.css?v=4.1.0
ERR: 非法操作:css

[ 2016-08-13T15:08:35+08:00 ] ::1 /cars-doctor/Admin/Wpp/js/plugins/dataTables/jquery.dataTables.js
ERR: 非法操作:js

[ 2016-08-13T15:08:35+08:00 ] ::1 /cars-doctor/Admin/Wpp/js/bootstrap.min.js?v=3.3.6
ERR: 非法操作:js

[ 2016-08-13T15:08:35+08:00 ] ::1 /cars-doctor/Admin/Wpp/js/plugins/jeditable/jquery.jeditable.js
ERR: 非法操作:js

[ 2016-08-13T15:08:35+08:00 ] ::1 /cars-doctor/Admin/Wpp/js/content.js?v=1.0.0
ERR: 非法操作:js

[ 2016-08-13T15:08:35+08:00 ] ::1 /cars-doctor/Admin/Wpp/js/plugins/dataTables/dataTables.bootstrap.js
ERR: 非法操作:js

[ 2016-08-13T15:09:19+08:00 ] ::1 /cars-doctor/Admin/Wpp/css/bootstrap.min.css?v=3.3.6
ERR: 非法操作:css

[ 2016-08-13T15:09:19+08:00 ] ::1 /cars-doctor/Admin/Wpp/js/bootstrap.min.js?v=3.3.6
ERR: 非法操作:js

[ 2016-08-13T15:09:19+08:00 ] ::1 /cars-doctor/Admin/Wpp/css/animate.css
ERR: 非法操作:css

[ 2016-08-13T15:09:19+08:00 ] ::1 /cars-doctor/Admin/Wpp/css/style.css?v=4.1.0
ERR: 非法操作:css

[ 2016-08-13T15:09:19+08:00 ] ::1 /cars-doctor/Admin/Wpp/css/font-awesome.css?v=4.4.0
ERR: 非法操作:css

[ 2016-08-13T15:09:19+08:00 ] ::1 /cars-doctor/Admin/Wpp/js/jquery.min.js?v=2.1.4
ERR: 非法操作:js

[ 2016-08-13T15:09:19+08:00 ] ::1 /cars-doctor/Admin/Wpp/js/content.js
ERR: 非法操作:js

[ 2016-08-13T15:09:19+08:00 ] ::1 /cars-doctor/Admin/Wpp/js/plugins/layer/layer.min.js
ERR: 非法操作:js

[ 2016-08-13T15:09:19+08:00 ] ::1 /cars-doctor/Admin/Wpp/js/welcome.js
ERR: 非法操作:js

[ 2016-08-13T15:09:25+08:00 ] ::1 /cars-doctor/Admin/Wpp/css/plugins/dataTables/dataTables.bootstrap.css
ERR: 非法操作:css

[ 2016-08-13T15:09:25+08:00 ] ::1 /cars-doctor/Admin/Wpp/js/jquery.min.js?v=2.1.4
ERR: 非法操作:js

[ 2016-08-13T15:09:25+08:00 ] ::1 /cars-doctor/Admin/Wpp/css/bootstrap.min.css?v=3.3.6
ERR: 非法操作:css

[ 2016-08-13T15:09:25+08:00 ] ::1 /cars-doctor/Admin/Wpp/css/style.css?v=4.1.0
ERR: 非法操作:css

[ 2016-08-13T15:09:25+08:00 ] ::1 /cars-doctor/Admin/Wpp/css/font-awesome.css?v=4.4.0
ERR: 非法操作:css

[ 2016-08-13T15:09:25+08:00 ] ::1 /cars-doctor/Admin/Wpp/js/plugins/jeditable/jquery.jeditable.js
ERR: 非法操作:js

[ 2016-08-13T15:09:25+08:00 ] ::1 /cars-doctor/Admin/Wpp/css/animate.css
ERR: 非法操作:css

[ 2016-08-13T15:09:26+08:00 ] ::1 /cars-doctor/Admin/Wpp/js/plugins/dataTables/jquery.dataTables.js
ERR: 非法操作:js

[ 2016-08-13T15:09:26+08:00 ] ::1 /cars-doctor/Admin/Wpp/js/content.js?v=1.0.0
ERR: 非法操作:js

[ 2016-08-13T15:09:26+08:00 ] ::1 /cars-doctor/Admin/Wpp/js/plugins/dataTables/dataTables.bootstrap.js
ERR: 非法操作:js

[ 2016-08-13T15:09:26+08:00 ] ::1 /cars-doctor/Admin/Wpp/js/bootstrap.min.js?v=3.3.6
ERR: 非法操作:js

[ 2016-08-13T15:09:29+08:00 ] ::1 /cars-doctor/Admin/Wpp/css/font-awesome.css?v=4.4.0
ERR: 非法操作:css

[ 2016-08-13T15:09:29+08:00 ] ::1 /cars-doctor/Admin/Wpp/css/style.css?v=4.1.0
ERR: 非法操作:css

[ 2016-08-13T15:09:29+08:00 ] ::1 /cars-doctor/Admin/Wpp/js/jquery.min.js?v=2.1.4
ERR: 非法操作:js

[ 2016-08-13T15:09:29+08:00 ] ::1 /cars-doctor/Admin/Wpp/js/bootstrap.min.js?v=3.3.6
ERR: 非法操作:js

[ 2016-08-13T15:09:29+08:00 ] ::1 /cars-doctor/Admin/Wpp/css/bootstrap.min.css?v=3.3.6
ERR: 非法操作:css

[ 2016-08-13T15:09:29+08:00 ] ::1 /cars-doctor/Admin/Wpp/css/animate.css
ERR: 非法操作:css

[ 2016-08-13T15:09:29+08:00 ] ::1 /cars-doctor/Admin/Wpp/js/plugins/dataTables/dataTables.bootstrap.js
ERR: 非法操作:js

[ 2016-08-13T15:09:29+08:00 ] ::1 /cars-doctor/Admin/Wpp/css/plugins/dataTables/dataTables.bootstrap.css
ERR: 非法操作:css

[ 2016-08-13T15:09:29+08:00 ] ::1 /cars-doctor/Admin/Wpp/js/plugins/jeditable/jquery.jeditable.js
ERR: 非法操作:js

[ 2016-08-13T15:09:29+08:00 ] ::1 /cars-doctor/Admin/Wpp/js/plugins/dataTables/jquery.dataTables.js
ERR: 非法操作:js

[ 2016-08-13T15:09:29+08:00 ] ::1 /cars-doctor/Admin/Wpp/js/content.js?v=1.0.0
ERR: 非法操作:js

[ 2016-08-13T15:09:31+08:00 ] ::1 /cars-doctor/Admin/Wpp/css/animate.css
ERR: 非法操作:css

[ 2016-08-13T15:09:31+08:00 ] ::1 /cars-doctor/Admin/Wpp/css/style.css?v=4.1.0
ERR: 非法操作:css

[ 2016-08-13T15:09:31+08:00 ] ::1 /cars-doctor/Admin/Wpp/css/bootstrap.min.css?v=3.3.6
ERR: 非法操作:css

[ 2016-08-13T15:09:31+08:00 ] ::1 /cars-doctor/Admin/Wpp/css/plugins/morris/morris-0.4.3.min.css
ERR: 非法操作:css

[ 2016-08-13T15:09:31+08:00 ] ::1 /cars-doctor/Admin/Wpp/js/jquery.min.js?v=2.1.4
ERR: 非法操作:js

[ 2016-08-13T15:09:31+08:00 ] ::1 /cars-doctor/Admin/Wpp/js/plugins/gritter/jquery.gritter.css
ERR: 非法操作:js

[ 2016-08-13T15:09:31+08:00 ] ::1 /cars-doctor/Admin/Wpp/css/font-awesome.css?v=4.4.0
ERR: 非法操作:css

[ 2016-08-13T15:09:31+08:00 ] ::1 /cars-doctor/Admin/Wpp/js/bootstrap.min.js?v=3.3.6
ERR: 非法操作:js

[ 2016-08-13T15:09:31+08:00 ] ::1 /cars-doctor/Admin/Wpp/js/plugins/flot/jquery.flot.resize.js
ERR: 非法操作:js

[ 2016-08-13T15:09:31+08:00 ] ::1 /cars-doctor/Admin/Wpp/js/plugins/flot/jquery.flot.spline.js
ERR: 非法操作:js

[ 2016-08-13T15:09:31+08:00 ] ::1 /cars-doctor/Admin/Wpp/js/plugins/flot/jquery.flot.tooltip.min.js
ERR: 非法操作:js

[ 2016-08-13T15:09:31+08:00 ] ::1 /cars-doctor/Admin/Wpp/js/plugins/flot/jquery.flot.js
ERR: 非法操作:js

[ 2016-08-13T15:09:31+08:00 ] ::1 /cars-doctor/Admin/Wpp/js/plugins/peity/jquery.peity.min.js
ERR: 非法操作:js

[ 2016-08-13T15:09:31+08:00 ] ::1 /cars-doctor/Admin/Wpp/js/plugins/flot/jquery.flot.pie.js
ERR: 非法操作:js

[ 2016-08-13T15:09:31+08:00 ] ::1 /cars-doctor/Admin/Wpp/js/demo/peity-demo.js
ERR: 非法操作:js

[ 2016-08-13T15:09:31+08:00 ] ::1 /cars-doctor/Admin/Wpp/js/plugins/flot/jquery.flot.symbol.js
ERR: 非法操作:js

[ 2016-08-13T15:09:31+08:00 ] ::1 /cars-doctor/Admin/Wpp/js/plugins/jquery-ui/jquery-ui.min.js
ERR: 非法操作:js

[ 2016-08-13T15:09:31+08:00 ] ::1 /cars-doctor/Admin/Wpp/js/content.js?v=1.0.0
ERR: 非法操作:js

[ 2016-08-13T15:09:31+08:00 ] ::1 /cars-doctor/Admin/Wpp/js/plugins/jvectormap/jquery-jvectormap-1.2.2.min.js
ERR: 非法操作:js

[ 2016-08-13T15:09:31+08:00 ] ::1 /cars-doctor/Admin/Wpp/js/plugins/jvectormap/jquery-jvectormap-world-mill-en.js
ERR: 非法操作:js

[ 2016-08-13T15:09:31+08:00 ] ::1 /cars-doctor/Admin/Wpp/js/plugins/easypiechart/jquery.easypiechart.js
ERR: 非法操作:js

[ 2016-08-13T15:09:31+08:00 ] ::1 /cars-doctor/Admin/Wpp/js/plugins/sparkline/jquery.sparkline.min.js
ERR: 非法操作:js

[ 2016-08-13T15:09:31+08:00 ] ::1 /cars-doctor/Admin/Wpp/js/demo/sparkline-demo.js
ERR: 非法操作:js

[ 2016-08-13T15:11:02+08:00 ] ::1 /cars-doctor/Admin/Wpp/css/font-awesome.css?v=4.4.0
ERR: 非法操作:css

[ 2016-08-13T15:11:02+08:00 ] ::1 /cars-doctor/Admin/Wpp/css/bootstrap.min.css?v=3.3.6
ERR: 非法操作:css

[ 2016-08-13T15:11:02+08:00 ] ::1 /cars-doctor/Admin/Wpp/js/jquery.min.js?v=2.1.4
ERR: 非法操作:js

[ 2016-08-13T15:11:02+08:00 ] ::1 /cars-doctor/Admin/Wpp/css/style.css?v=4.1.0
ERR: 非法操作:css

[ 2016-08-13T15:11:02+08:00 ] ::1 /cars-doctor/Admin/Wpp/js/bootstrap.min.js?v=3.3.6
ERR: 非法操作:js

[ 2016-08-13T15:11:02+08:00 ] ::1 /cars-doctor/Admin/Wpp/js/plugins/layer/layer.min.js
ERR: 非法操作:js

[ 2016-08-13T15:11:02+08:00 ] ::1 /cars-doctor/Admin/Wpp/css/animate.css
ERR: 非法操作:css

[ 2016-08-13T15:11:02+08:00 ] ::1 /cars-doctor/Admin/Wpp/js/welcome.js
ERR: 非法操作:js

[ 2016-08-13T15:11:02+08:00 ] ::1 /cars-doctor/Admin/Wpp/js/content.js
ERR: 非法操作:js

[ 2016-08-13T15:11:05+08:00 ] ::1 /cars-doctor/Admin/Wpp/css/style.css?v=4.1.0
ERR: 非法操作:css

[ 2016-08-13T15:11:06+08:00 ] ::1 /cars-doctor/Admin/Wpp/js/jquery.min.js?v=2.1.4
ERR: 非法操作:js

[ 2016-08-13T15:11:06+08:00 ] ::1 /cars-doctor/Admin/Wpp/css/bootstrap.min.css?v=3.3.6
ERR: 非法操作:css

[ 2016-08-13T15:11:06+08:00 ] ::1 /cars-doctor/Admin/Wpp/css/plugins/jqgrid/ui.jqgrid.css?0820
ERR: 非法操作:css

[ 2016-08-13T15:11:06+08:00 ] ::1 /cars-doctor/Admin/Wpp/css/animate.css
ERR: 非法操作:css

[ 2016-08-13T15:11:06+08:00 ] ::1 /cars-doctor/Admin/Wpp/js/plugins/peity/jquery.peity.min.js
ERR: 非法操作:js

[ 2016-08-13T15:11:06+08:00 ] ::1 /cars-doctor/Admin/Wpp/js/plugins/jqgrid/i18n/grid.locale-cn.js?0820
ERR: 非法操作:js

[ 2016-08-13T15:11:06+08:00 ] ::1 /cars-doctor/Admin/Wpp/js/bootstrap.min.js?v=3.3.6
ERR: 非法操作:js

[ 2016-08-13T15:11:06+08:00 ] ::1 /cars-doctor/Admin/Wpp/css/font-awesome.css?v=4.4.0
ERR: 非法操作:css

[ 2016-08-13T15:11:06+08:00 ] ::1 /cars-doctor/Admin/Wpp/js/plugins/jqgrid/jquery.jqGrid.min.js?0820
ERR: 非法操作:js

[ 2016-08-13T15:11:06+08:00 ] ::1 /cars-doctor/Admin/Wpp/js/content.js?v=1.0.0
ERR: 非法操作:js

[ 2016-08-13T15:11:08+08:00 ] ::1 /cars-doctor/Admin/Wpp/css/style.css?v=4.1.0
ERR: 非法操作:css

[ 2016-08-13T15:11:08+08:00 ] ::1 /cars-doctor/Admin/Wpp/css/plugins/dataTables/dataTables.bootstrap.css
ERR: 非法操作:css

[ 2016-08-13T15:11:08+08:00 ] ::1 /cars-doctor/Admin/Wpp/js/jquery.min.js?v=2.1.4
ERR: 非法操作:js

[ 2016-08-13T15:11:08+08:00 ] ::1 /cars-doctor/Admin/Wpp/css/bootstrap.min.css?v=3.3.6
ERR: 非法操作:css

[ 2016-08-13T15:11:08+08:00 ] ::1 /cars-doctor/Admin/Wpp/css/animate.css
ERR: 非法操作:css

[ 2016-08-13T15:11:08+08:00 ] ::1 /cars-doctor/Admin/Wpp/css/font-awesome.css?v=4.4.0
ERR: 非法操作:css

[ 2016-08-13T15:11:08+08:00 ] ::1 /cars-doctor/Admin/Wpp/js/plugins/jeditable/jquery.jeditable.js
ERR: 非法操作:js

[ 2016-08-13T15:11:08+08:00 ] ::1 /cars-doctor/Admin/Wpp/js/plugins/dataTables/jquery.dataTables.js
ERR: 非法操作:js

[ 2016-08-13T15:11:08+08:00 ] ::1 /cars-doctor/Admin/Wpp/js/bootstrap.min.js?v=3.3.6
ERR: 非法操作:js

[ 2016-08-13T15:11:08+08:00 ] ::1 /cars-doctor/Admin/Wpp/js/content.js?v=1.0.0
ERR: 非法操作:js

[ 2016-08-13T15:11:08+08:00 ] ::1 /cars-doctor/Admin/Wpp/js/plugins/dataTables/dataTables.bootstrap.js
ERR: 非法操作:js

[ 2016-08-13T15:12:28+08:00 ] ::1 /cars-doctor/Admin/Wpp/css/bootstrap.min.css?v=3.3.6
ERR: 非法操作:css

[ 2016-08-13T15:12:28+08:00 ] ::1 /cars-doctor/Admin/Wpp/css/font-awesome.css?v=4.4.0
ERR: 非法操作:css

[ 2016-08-13T15:12:28+08:00 ] ::1 /cars-doctor/Admin/Wpp/js/jquery.min.js?v=2.1.4
ERR: 非法操作:js

[ 2016-08-13T15:12:28+08:00 ] ::1 /cars-doctor/Admin/Wpp/css/style.css?v=4.1.0
ERR: 非法操作:css

[ 2016-08-13T15:12:28+08:00 ] ::1 /cars-doctor/Admin/Wpp/js/plugins/layer/layer.min.js
ERR: 非法操作:js

[ 2016-08-13T15:12:28+08:00 ] ::1 /cars-doctor/Admin/Wpp/js/welcome.js
ERR: 非法操作:js

[ 2016-08-13T15:12:28+08:00 ] ::1 /cars-doctor/Admin/Wpp/js/bootstrap.min.js?v=3.3.6
ERR: 非法操作:js

[ 2016-08-13T15:12:28+08:00 ] ::1 /cars-doctor/Admin/Wpp/css/animate.css
ERR: 非法操作:css

[ 2016-08-13T15:12:28+08:00 ] ::1 /cars-doctor/Admin/Wpp/js/content.js
ERR: 非法操作:js

[ 2016-08-13T15:12:28+08:00 ] ::1 /cars-doctor/Admin/Wpp/css/bootstrap.min.css?v=3.3.6
ERR: 非法操作:css

[ 2016-08-13T15:12:29+08:00 ] ::1 /cars-doctor/Admin/Wpp/css/animate.css
ERR: 非法操作:css

[ 2016-08-13T15:12:29+08:00 ] ::1 /cars-doctor/Admin/Wpp/js/plugins/layer/layer.min.js
ERR: 非法操作:js

[ 2016-08-13T15:12:29+08:00 ] ::1 /cars-doctor/Admin/Wpp/css/font-awesome.css?v=4.4.0
ERR: 非法操作:css

[ 2016-08-13T15:12:29+08:00 ] ::1 /cars-doctor/Admin/Wpp/js/bootstrap.min.js?v=3.3.6
ERR: 非法操作:js

[ 2016-08-13T15:12:29+08:00 ] ::1 /cars-doctor/Admin/Wpp/js/jquery.min.js?v=2.1.4
ERR: 非法操作:js

[ 2016-08-13T15:12:29+08:00 ] ::1 /cars-doctor/Admin/Wpp/css/style.css?v=4.1.0
ERR: 非法操作:css

[ 2016-08-13T15:12:29+08:00 ] ::1 /cars-doctor/Admin/Wpp/js/welcome.js
ERR: 非法操作:js

[ 2016-08-13T15:12:29+08:00 ] ::1 /cars-doctor/Admin/Wpp/js/content.js
ERR: 非法操作:js

[ 2016-08-13T15:14:39+08:00 ] ::1 /cars-doctor/Admin/Wpp/css/font-awesome.css?v=4.4.0
ERR: 非法操作:css

[ 2016-08-13T15:14:39+08:00 ] ::1 /cars-doctor/Admin/Wpp/css/animate.css
ERR: 非法操作:css

[ 2016-08-13T15:14:39+08:00 ] ::1 /cars-doctor/Admin/Wpp/css/style.css?v=4.1.0
ERR: 非法操作:css

[ 2016-08-13T15:14:39+08:00 ] ::1 /cars-doctor/Admin/Wpp/css/bootstrap.min.css?v=3.3.6
ERR: 非法操作:css

[ 2016-08-13T15:14:40+08:00 ] ::1 /cars-doctor/Admin/Wpp/js/content.js?v=1.0.0
ERR: 非法操作:js

[ 2016-08-13T15:14:40+08:00 ] ::1 /cars-doctor/Admin/Wpp/js/bootstrap.min.js?v=3.3.6
ERR: 非法操作:js

[ 2016-08-13T15:14:40+08:00 ] ::1 /cars-doctor/Admin/Wpp/js/jquery.min.js?v=2.1.4
ERR: 非法操作:js

[ 2016-08-13T15:14:40+08:00 ] ::1 /cars-doctor/Admin/Wpp/js/plugins/peity/jquery.peity.min.js
ERR: 非法操作:js

[ 2016-08-13T15:14:40+08:00 ] ::1 /cars-doctor/Admin/Wpp/js/demo/peity-demo.js
ERR: 非法操作:js

[ 2016-08-13T16:23:54+08:00 ] ::1 /cars-doctor/Admin/index_v1.html?v=4.0
ERR: 无法加载控制器:Index_v1

[ 2016-08-13T16:24:16+08:00 ] ::1 /cars-doctor/Admin/Wpp/css/bootstrap.min.css?v=3.3.6
ERR: 非法操作:css

[ 2016-08-13T16:24:16+08:00 ] ::1 /cars-doctor/Admin/Wpp/css/animate.css
ERR: 非法操作:css

[ 2016-08-13T16:24:16+08:00 ] ::1 /cars-doctor/Admin/Wpp/css/font-awesome.css?v=4.4.0
ERR: 非法操作:css

[ 2016-08-13T16:24:16+08:00 ] ::1 /cars-doctor/Admin/Wpp/js/bootstrap.min.js?v=3.3.6
ERR: 非法操作:js

[ 2016-08-13T16:24:16+08:00 ] ::1 /cars-doctor/Admin/Wpp/css/style.css?v=4.1.0
ERR: 非法操作:css

[ 2016-08-13T16:24:16+08:00 ] ::1 /cars-doctor/Admin/Wpp/js/jquery.min.js?v=2.1.4
ERR: 非法操作:js

[ 2016-08-13T16:24:16+08:00 ] ::1 /cars-doctor/Admin/Wpp/js/welcome.js
ERR: 非法操作:js

[ 2016-08-13T16:24:16+08:00 ] ::1 /cars-doctor/Admin/Wpp/js/content.js
ERR: 非法操作:js

[ 2016-08-13T16:24:16+08:00 ] ::1 /cars-doctor/Admin/Wpp/js/plugins/layer/layer.min.js
ERR: 非法操作:js

[ 2016-08-13T16:24:20+08:00 ] ::1 /cars-doctor/Admin/Wpp/css/bootstrap.min.css
ERR: 非法操作:css

[ 2016-08-13T16:24:20+08:00 ] ::1 /cars-doctor/Admin/Wpp/css/animate.css
ERR: 非法操作:css

[ 2016-08-13T16:24:20+08:00 ] ::1 /cars-doctor/Admin/Wpp/css/style.css
ERR: 非法操作:css

[ 2016-08-13T16:24:20+08:00 ] ::1 /cars-doctor/Admin/Wpp/css/login.css
ERR: 非法操作:css

[ 2016-08-13T16:24:20+08:00 ] ::1 /cars-doctor/Admin/Wpp/css/font-awesome.css?v=4.4.0
ERR: 非法操作:css

[ 2016-08-13T16:24:28+08:00 ] ::1 /cars-doctor/Admin/Wpp/css/bootstrap.min.css?v=3.3.6
ERR: 非法操作:css

[ 2016-08-13T16:24:28+08:00 ] ::1 /cars-doctor/Admin/Wpp/css/style.css?v=4.1.0
ERR: 非法操作:css

[ 2016-08-13T16:24:28+08:00 ] ::1 /cars-doctor/Admin/Wpp/js/jquery.min.js?v=2.1.4
ERR: 非法操作:js

[ 2016-08-13T16:24:28+08:00 ] ::1 /cars-doctor/Admin/Wpp/js/plugins/layer/layer.min.js
ERR: 非法操作:js

[ 2016-08-13T16:24:28+08:00 ] ::1 /cars-doctor/Admin/Wpp/js/bootstrap.min.js?v=3.3.6
ERR: 非法操作:js

[ 2016-08-13T16:24:28+08:00 ] ::1 /cars-doctor/Admin/Wpp/js/content.js
ERR: 非法操作:js

[ 2016-08-13T16:24:28+08:00 ] ::1 /cars-doctor/Admin/Wpp/js/welcome.js
ERR: 非法操作:js

[ 2016-08-13T16:25:52+08:00 ] ::1 /cars-doctor/Admin/Wpp/css/style.css?v=4.1.0
ERR: 非法操作:css

[ 2016-08-13T16:25:52+08:00 ] ::1 /cars-doctor/Admin/Wpp/css/animate.css
ERR: 非法操作:css

[ 2016-08-13T16:25:52+08:00 ] ::1 /cars-doctor/Admin/Wpp/css/font-awesome.css?v=4.4.0
ERR: 非法操作:css

[ 2016-08-13T16:25:52+08:00 ] ::1 /cars-doctor/Admin/Wpp/js/plugins/layer/layer.min.js
ERR: 非法操作:js

[ 2016-08-13T16:25:52+08:00 ] ::1 /cars-doctor/Admin/Wpp/js/bootstrap.min.js?v=3.3.6
ERR: 非法操作:js

[ 2016-08-13T16:25:52+08:00 ] ::1 /cars-doctor/Admin/Wpp/js/welcome.js
ERR: 非法操作:js

[ 2016-08-13T16:25:52+08:00 ] ::1 /cars-doctor/Admin/Wpp/js/content.js
ERR: 非法操作:js

[ 2016-08-13T16:25:52+08:00 ] ::1 /cars-doctor/Admin/Wpp/js/jquery.min.js?v=2.1.4
ERR: 非法操作:js

[ 2016-08-13T16:25:52+08:00 ] ::1 /cars-doctor/Admin/Wpp/css/bootstrap.min.css?v=3.3.6
ERR: 非法操作:css

[ 2016-08-13T16:25:59+08:00 ] ::1 /cars-doctor/Admin/Wpp/css/bootstrap.min.css
ERR: 非法操作:css

[ 2016-08-13T16:25:59+08:00 ] ::1 /cars-doctor/Admin/Wpp/css/font-awesome.css?v=4.4.0
ERR: 非法操作:css

[ 2016-08-13T16:25:59+08:00 ] ::1 /cars-doctor/Admin/Wpp/css/style.css
ERR: 非法操作:css

[ 2016-08-13T16:25:59+08:00 ] ::1 /cars-doctor/Admin/Wpp/css/animate.css
ERR: 非法操作:css

[ 2016-08-13T16:25:59+08:00 ] ::1 /cars-doctor/Admin/Wpp/css/login.css
ERR: 非法操作:css

[ 2016-08-13T16:30:53+08:00 ] ::1 /cars-doctor/Admin/index_v1.html?v=4.0
ERR: 无法加载控制器:Index_v1

[ 2016-08-13T16:30:59+08:00 ] ::1 /cars-doctor/Admin/Wpp/js/jquery.min.js?v=2.1.4
ERR: 非法操作:js

[ 2016-08-13T16:30:59+08:00 ] ::1 /cars-doctor/Admin/Wpp/js/bootstrap.min.js?v=3.3.6
ERR: 非法操作:js

[ 2016-08-13T16:30:59+08:00 ] ::1 /cars-doctor/Admin/Wpp/css/style.css?v=4.1.0
ERR: 非法操作:css

[ 2016-08-13T16:30:59+08:00 ] ::1 /cars-doctor/Admin/Wpp/css/font-awesome.css?v=4.4.0
ERR: 非法操作:css

[ 2016-08-13T16:30:59+08:00 ] ::1 /cars-doctor/Admin/Wpp/css/bootstrap.min.css?v=3.3.6
ERR: 非法操作:css

[ 2016-08-13T16:30:59+08:00 ] ::1 /cars-doctor/Admin/Wpp/js/plugins/layer/layer.min.js
ERR: 非法操作:js

[ 2016-08-13T16:30:59+08:00 ] ::1 /cars-doctor/Admin/Wpp/js/content.js
ERR: 非法操作:js

[ 2016-08-13T16:30:59+08:00 ] ::1 /cars-doctor/Admin/Wpp/css/animate.css
ERR: 非法操作:css

[ 2016-08-13T16:30:59+08:00 ] ::1 /cars-doctor/Admin/Wpp/js/welcome.js
ERR: 非法操作:js

[ 2016-08-13T16:32:43+08:00 ] ::1 /cars-doctor/Admin/index_v1.html?v=4.0
ERR: 无法加载控制器:Index_v1

[ 2016-08-13T16:33:07+08:00 ] ::1 /cars-doctor/Admin/Wpp/idex
ERR: 非法操作:idex

[ 2016-08-13T16:33:13+08:00 ] ::1 /cars-doctor/Admin/Wpp/css/bootstrap.min.css?v=3.3.6
ERR: 非法操作:css

[ 2016-08-13T16:33:13+08:00 ] ::1 /cars-doctor/Admin/Wpp/js/jquery.min.js?v=2.1.4
ERR: 非法操作:js

[ 2016-08-13T16:33:13+08:00 ] ::1 /cars-doctor/Admin/Wpp/js/bootstrap.min.js?v=3.3.6
ERR: 非法操作:js

[ 2016-08-13T16:33:13+08:00 ] ::1 /cars-doctor/Admin/Wpp/css/animate.css
ERR: 非法操作:css

[ 2016-08-13T16:33:13+08:00 ] ::1 /cars-doctor/Admin/Wpp/css/font-awesome.css?v=4.4.0
ERR: 非法操作:css

[ 2016-08-13T16:33:13+08:00 ] ::1 /cars-doctor/Admin/Wpp/css/style.css?v=4.1.0
ERR: 非法操作:css

[ 2016-08-13T16:33:13+08:00 ] ::1 /cars-doctor/Admin/Wpp/js/content.js
ERR: 非法操作:js

[ 2016-08-13T16:33:13+08:00 ] ::1 /cars-doctor/Admin/Wpp/js/plugins/layer/layer.min.js
ERR: 非法操作:js

[ 2016-08-13T16:33:13+08:00 ] ::1 /cars-doctor/Admin/Wpp/js/welcome.js
ERR: 非法操作:js

[ 2016-08-13T16:36:08+08:00 ] ::1 /cars-doctor/Admin/Wpp/css/plugins/dataTables/dataTables.bootstrap.css
ERR: 非法操作:css

[ 2016-08-13T16:36:08+08:00 ] ::1 /cars-doctor/Admin/Wpp/css/style.css?v=4.1.0
ERR: 非法操作:css

[ 2016-08-13T16:36:08+08:00 ] ::1 /cars-doctor/Admin/Wpp/css/bootstrap.min.css?v=3.3.6
ERR: 非法操作:css

[ 2016-08-13T16:36:08+08:00 ] ::1 /cars-doctor/Admin/Wpp/css/font-awesome.css?v=4.4.0
ERR: 非法操作:css

[ 2016-08-13T16:36:08+08:00 ] ::1 /cars-doctor/Admin/Wpp/js/bootstrap.min.js?v=3.3.6
ERR: 非法操作:js

[ 2016-08-13T16:36:08+08:00 ] ::1 /cars-doctor/Admin/Wpp/js/plugins/jeditable/jquery.jeditable.js
ERR: 非法操作:js

[ 2016-08-13T16:36:08+08:00 ] ::1 /cars-doctor/Admin/Wpp/js/jquery.min.js?v=2.1.4
ERR: 非法操作:js

[ 2016-08-13T16:36:08+08:00 ] ::1 /cars-doctor/Admin/Wpp/css/animate.css
ERR: 非法操作:css

[ 2016-08-13T16:36:08+08:00 ] ::1 /cars-doctor/Admin/Wpp/js/plugins/dataTables/dataTables.bootstrap.js
ERR: 非法操作:js

[ 2016-08-13T16:36:08+08:00 ] ::1 /cars-doctor/Admin/Wpp/js/plugins/dataTables/jquery.dataTables.js
ERR: 非法操作:js

[ 2016-08-13T16:36:08+08:00 ] ::1 /cars-doctor/Admin/Wpp/js/content.js?v=1.0.0
ERR: 非法操作:js

[ 2016-08-13T16:39:01+08:00 ] ::1 /cars-doctor/Admin/index_v1.html?v=4.0
ERR: 无法加载控制器:Index_v1

[ 2016-08-13T16:39:10+08:00 ] ::1 /cars-doctor/Admin/Wpp/css/bootstrap.min.css?v=3.3.6
ERR: 非法操作:css

[ 2016-08-13T16:39:10+08:00 ] ::1 /cars-doctor/Admin/Wpp/css/animate.css
ERR: 非法操作:css

[ 2016-08-13T16:39:10+08:00 ] ::1 /cars-doctor/Admin/Wpp/css/style.css?v=4.1.0
ERR: 非法操作:css

[ 2016-08-13T16:39:10+08:00 ] ::1 /cars-doctor/Admin/Wpp/css/font-awesome.css?v=4.4.0
ERR: 非法操作:css

[ 2016-08-13T16:39:10+08:00 ] ::1 /cars-doctor/Admin/Wpp/js/jquery.min.js?v=2.1.4
ERR: 非法操作:js

[ 2016-08-13T16:39:10+08:00 ] ::1 /cars-doctor/Admin/Wpp/js/bootstrap.min.js?v=3.3.6
ERR: 非法操作:js

[ 2016-08-13T16:39:10+08:00 ] ::1 /cars-doctor/Admin/Wpp/js/content.js
ERR: 非法操作:js

[ 2016-08-13T16:39:10+08:00 ] ::1 /cars-doctor/Admin/Wpp/js/plugins/layer/layer.min.js
ERR: 非法操作:js

[ 2016-08-13T16:39:10+08:00 ] ::1 /cars-doctor/Admin/Wpp/js/welcome.js
ERR: 非法操作:js

[ 2016-08-13T16:39:31+08:00 ] ::1 /cars-doctor/Admin/index_v1.html?v=4.0
ERR: 无法加载控制器:Index_v1

[ 2016-08-13T16:39:37+08:00 ] ::1 /cars-doctor/Admin/Wpp/css/bootstrap.min.css?v=3.3.6
ERR: 非法操作:css

[ 2016-08-13T16:39:37+08:00 ] ::1 /cars-doctor/Admin/Wpp/css/animate.css
ERR: 非法操作:css

[ 2016-08-13T16:39:37+08:00 ] ::1 /cars-doctor/Admin/Wpp/css/font-awesome.css?v=4.4.0
ERR: 非法操作:css

[ 2016-08-13T16:39:37+08:00 ] ::1 /cars-doctor/Admin/Wpp/js/jquery.min.js?v=2.1.4
ERR: 非法操作:js

[ 2016-08-13T16:39:37+08:00 ] ::1 /cars-doctor/Admin/Wpp/css/style.css?v=4.1.0
ERR: 非法操作:css

[ 2016-08-13T16:39:37+08:00 ] ::1 /cars-doctor/Admin/Wpp/js/plugins/layer/layer.min.js
ERR: 非法操作:js

[ 2016-08-13T16:39:37+08:00 ] ::1 /cars-doctor/Admin/Wpp/js/bootstrap.min.js?v=3.3.6
ERR: 非法操作:js

[ 2016-08-13T16:39:37+08:00 ] ::1 /cars-doctor/Admin/Wpp/js/content.js
ERR: 非法操作:js

[ 2016-08-13T16:39:37+08:00 ] ::1 /cars-doctor/Admin/Wpp/js/welcome.js
ERR: 非法操作:js

[ 2016-08-13T16:52:03+08:00 ] ::1 /cars-doctor/Admin/Wpp/css/font-awesome.css?v=4.4.0
ERR: 非法操作:css

[ 2016-08-13T16:52:03+08:00 ] ::1 /cars-doctor/Admin/Wpp/css/bootstrap.min.css?v=3.3.6
ERR: 非法操作:css

[ 2016-08-13T16:52:03+08:00 ] ::1 /cars-doctor/Admin/Wpp/css/style.css?v=4.1.0
ERR: 非法操作:css

[ 2016-08-13T16:52:03+08:00 ] ::1 /cars-doctor/Admin/Wpp/css/animate.css
ERR: 非法操作:css

[ 2016-08-13T16:52:03+08:00 ] ::1 /cars-doctor/Admin/Wpp/js/plugins/gritter/jquery.gritter.css
ERR: 非法操作:js

[ 2016-08-13T16:52:03+08:00 ] ::1 /cars-doctor/Admin/Wpp/css/plugins/morris/morris-0.4.3.min.css
ERR: 非法操作:css

[ 2016-08-13T16:52:03+08:00 ] ::1 /cars-doctor/Admin/Wpp/js/jquery.min.js?v=2.1.4
ERR: 非法操作:js

[ 2016-08-13T16:52:03+08:00 ] ::1 /cars-doctor/Admin/Wpp/js/bootstrap.min.js?v=3.3.6
ERR: 非法操作:js

[ 2016-08-13T16:52:03+08:00 ] ::1 /cars-doctor/Admin/Wpp/js/plugins/flot/jquery.flot.tooltip.min.js
ERR: 非法操作:js

[ 2016-08-13T16:52:03+08:00 ] ::1 /cars-doctor/Admin/Wpp/js/plugins/flot/jquery.flot.js
ERR: 非法操作:js

[ 2016-08-13T16:52:03+08:00 ] ::1 /cars-doctor/Admin/Wpp/js/plugins/flot/jquery.flot.resize.js
ERR: 非法操作:js

[ 2016-08-13T16:52:03+08:00 ] ::1 /cars-doctor/Admin/Wpp/js/plugins/flot/jquery.flot.spline.js
ERR: 非法操作:js

[ 2016-08-13T16:52:03+08:00 ] ::1 /cars-doctor/Admin/Wpp/js/content.js?v=1.0.0
ERR: 非法操作:js

[ 2016-08-13T16:52:03+08:00 ] ::1 /cars-doctor/Admin/Wpp/js/plugins/peity/jquery.peity.min.js
ERR: 非法操作:js

[ 2016-08-13T16:52:03+08:00 ] ::1 /cars-doctor/Admin/Wpp/js/plugins/flot/jquery.flot.pie.js
ERR: 非法操作:js

[ 2016-08-13T16:52:03+08:00 ] ::1 /cars-doctor/Admin/Wpp/js/demo/peity-demo.js
ERR: 非法操作:js

[ 2016-08-13T16:52:03+08:00 ] ::1 /cars-doctor/Admin/Wpp/js/plugins/easypiechart/jquery.easypiechart.js
ERR: 非法操作:js

[ 2016-08-13T16:52:03+08:00 ] ::1 /cars-doctor/Admin/Wpp/js/plugins/gritter/jquery.gritter.min.js
ERR: 非法操作:js

[ 2016-08-13T16:52:03+08:00 ] ::1 /cars-doctor/Admin/Wpp/js/plugins/jquery-ui/jquery-ui.min.js
ERR: 非法操作:js

[ 2016-08-13T16:52:03+08:00 ] ::1 /cars-doctor/Admin/Wpp/js/plugins/sparkline/jquery.sparkline.min.js
ERR: 非法操作:js

[ 2016-08-13T16:52:03+08:00 ] ::1 /cars-doctor/Admin/Wpp/js/demo/sparkline-demo.js
ERR: 非法操作:js

[ 2016-08-13T16:52:05+08:00 ] ::1 /cars-doctor/Admin/Wpp/js/plugins/gritter/jquery.gritter.css
ERR: 非法操作:js

[ 2016-08-13T16:52:05+08:00 ] ::1 /cars-doctor/Admin/Wpp/css/bootstrap.min.css?v=3.3.6
ERR: 非法操作:css

[ 2016-08-13T16:52:05+08:00 ] ::1 /cars-doctor/Admin/Wpp/css/font-awesome.css?v=4.4.0
ERR: 非法操作:css

[ 2016-08-13T16:52:05+08:00 ] ::1 /cars-doctor/Admin/Wpp/css/animate.css
ERR: 非法操作:css

[ 2016-08-13T16:52:05+08:00 ] ::1 /cars-doctor/Admin/Wpp/css/plugins/morris/morris-0.4.3.min.css
ERR: 非法操作:css

[ 2016-08-13T16:52:05+08:00 ] ::1 /cars-doctor/Admin/Wpp/css/style.css?v=4.1.0
ERR: 非法操作:css

[ 2016-08-13T16:52:05+08:00 ] ::1 /cars-doctor/Admin/Wpp/js/jquery.min.js?v=2.1.4
ERR: 非法操作:js

[ 2016-08-13T16:52:06+08:00 ] ::1 /cars-doctor/Admin/Wpp/js/plugins/flot/jquery.flot.spline.js
ERR: 非法操作:js

[ 2016-08-13T16:52:06+08:00 ] ::1 /cars-doctor/Admin/Wpp/js/plugins/flot/jquery.flot.js
ERR: 非法操作:js

[ 2016-08-13T16:52:06+08:00 ] ::1 /cars-doctor/Admin/Wpp/js/bootstrap.min.js?v=3.3.6
ERR: 非法操作:js

[ 2016-08-13T16:52:06+08:00 ] ::1 /cars-doctor/Admin/Wpp/js/plugins/flot/jquery.flot.resize.js
ERR: 非法操作:js

[ 2016-08-13T16:52:06+08:00 ] ::1 /cars-doctor/Admin/Wpp/js/plugins/flot/jquery.flot.tooltip.min.js
ERR: 非法操作:js

[ 2016-08-13T16:52:06+08:00 ] ::1 /cars-doctor/Admin/Wpp/js/plugins/peity/jquery.peity.min.js
ERR: 非法操作:js

[ 2016-08-13T16:52:06+08:00 ] ::1 /cars-doctor/Admin/Wpp/js/plugins/jquery-ui/jquery-ui.min.js
ERR: 非法操作:js

[ 2016-08-13T16:52:06+08:00 ] ::1 /cars-doctor/Admin/Wpp/js/content.js?v=1.0.0
ERR: 非法操作:js

[ 2016-08-13T16:52:06+08:00 ] ::1 /cars-doctor/Admin/Wpp/js/plugins/flot/jquery.flot.pie.js
ERR: 非法操作:js

[ 2016-08-13T16:52:06+08:00 ] ::1 /cars-doctor/Admin/Wpp/js/plugins/flot/jquery.flot.symbol.js
ERR: 非法操作:js

[ 2016-08-13T16:52:06+08:00 ] ::1 /cars-doctor/Admin/Wpp/js/plugins/jvectormap/jquery-jvectormap-world-mill-en.js
ERR: 非法操作:js

[ 2016-08-13T16:52:06+08:00 ] ::1 /cars-doctor/Admin/Wpp/js/plugins/easypiechart/jquery.easypiechart.js
ERR: 非法操作:js

[ 2016-08-13T16:52:06+08:00 ] ::1 /cars-doctor/Admin/Wpp/js/demo/peity-demo.js
ERR: 非法操作:js

[ 2016-08-13T16:52:06+08:00 ] ::1 /cars-doctor/Admin/Wpp/js/plugins/flot/curvedLines.js
ERR: 非法操作:js

[ 2016-08-13T16:52:06+08:00 ] ::1 /cars-doctor/Admin/Wpp/js/demo/sparkline-demo.js
ERR: 非法操作:js

[ 2016-08-13T16:52:06+08:00 ] ::1 /cars-doctor/Admin/Wpp/js/plugins/jvectormap/jquery-jvectormap-1.2.2.min.js
ERR: 非法操作:js

[ 2016-08-13T16:52:06+08:00 ] ::1 /cars-doctor/Admin/Wpp/js/plugins/sparkline/jquery.sparkline.min.js
ERR: 非法操作:js

[ 2016-08-13T16:52:06+08:00 ] ::1 /cars-doctor/Admin/Wpp/js/jquery.min.js?v=2.1.4
ERR: 非法操作:js

[ 2016-08-13T16:52:06+08:00 ] ::1 /cars-doctor/Admin/Wpp/css/bootstrap.min.css?v=3.3.6
ERR: 非法操作:css

[ 2016-08-13T16:52:06+08:00 ] ::1 /cars-doctor/Admin/Wpp/js/bootstrap.min.js?v=3.3.6
ERR: 非法操作:js

[ 2016-08-13T16:52:06+08:00 ] ::1 /cars-doctor/Admin/Wpp/css/animate.css
ERR: 非法操作:css

[ 2016-08-13T16:52:06+08:00 ] ::1 /cars-doctor/Admin/Wpp/css/font-awesome.css?v=4.4.0
ERR: 非法操作:css

[ 2016-08-13T16:52:06+08:00 ] ::1 /cars-doctor/Admin/Wpp/css/style.css?v=4.1.0
ERR: 非法操作:css

[ 2016-08-13T16:52:06+08:00 ] ::1 /cars-doctor/Admin/Wpp/js/content.js?v=1.0.0
ERR: 非法操作:js

[ 2016-08-13T16:52:06+08:00 ] ::1 /cars-doctor/Admin/Wpp/js/plugins/chartJs/Chart.min.js
ERR: 非法操作:js

[ 2016-08-13T16:52:06+08:00 ] ::1 /cars-doctor/Admin/Wpp/js/plugins/flot/jquery.flot.js
ERR: 非法操作:js

[ 2016-08-13T16:52:07+08:00 ] ::1 /cars-doctor/Admin/Wpp/js/plugins/flot/jquery.flot.tooltip.min.js
ERR: 非法操作:js

[ 2016-08-13T16:52:07+08:00 ] ::1 /cars-doctor/Admin/Wpp/js/demo/peity-demo.js
ERR: 非法操作:js

[ 2016-08-13T16:52:07+08:00 ] ::1 /cars-doctor/Admin/Wpp/js/plugins/flot/jquery.flot.resize.js
ERR: 非法操作:js

[ 2016-08-13T16:52:07+08:00 ] ::1 /cars-doctor/Admin/Wpp/js/plugins/peity/jquery.peity.min.js
ERR: 非法操作:js

[ 2016-08-13T17:01:48+08:00 ] ::1 /cars-doctor/Admin/Wpp/css/bootstrap.min.css?v=3.3.6
ERR: 非法操作:css

[ 2016-08-13T17:01:48+08:00 ] ::1 /cars-doctor/Admin/Wpp/css/style.css?v=4.1.0
ERR: 非法操作:css

[ 2016-08-13T17:01:48+08:00 ] ::1 /cars-doctor/Admin/Wpp/css/font-awesome.css?v=4.4.0
ERR: 非法操作:css

[ 2016-08-13T17:01:48+08:00 ] ::1 /cars-doctor/Admin/Wpp/js/jquery.min.js?v=2.1.4
ERR: 非法操作:js

[ 2016-08-13T17:01:48+08:00 ] ::1 /cars-doctor/Admin/Wpp/css/animate.css
ERR: 非法操作:css

[ 2016-08-13T17:01:48+08:00 ] ::1 /cars-doctor/Admin/Wpp/js/content.js
ERR: 非法操作:js

[ 2016-08-13T17:01:48+08:00 ] ::1 /cars-doctor/Admin/Wpp/js/bootstrap.min.js?v=3.3.6
ERR: 非法操作:js

[ 2016-08-13T17:01:48+08:00 ] ::1 /cars-doctor/Admin/Wpp/js/welcome.js
ERR: 非法操作:js

[ 2016-08-13T17:01:48+08:00 ] ::1 /cars-doctor/Admin/Wpp/js/plugins/layer/layer.min.js
ERR: 非法操作:js

[ 2016-08-13T17:04:54+08:00 ] ::1 /cars-doctor/Admin/index_v1.html?v=4.0
ERR: 无法加载控制器:Index_v1

[ 2016-08-13T17:05:03+08:00 ] ::1 /cars-doctor/Admin/Wpp/js/jquery.min.js?v=2.1.4
ERR: 非法操作:js

[ 2016-08-13T17:05:03+08:00 ] ::1 /cars-doctor/Admin/Wpp/css/style.css?v=4.1.0
ERR: 非法操作:css

[ 2016-08-13T17:05:03+08:00 ] ::1 /cars-doctor/Admin/Wpp/css/bootstrap.min.css?v=3.3.6
ERR: 非法操作:css

[ 2016-08-13T17:05:03+08:00 ] ::1 /cars-doctor/Admin/Wpp/css/animate.css
ERR: 非法操作:css

[ 2016-08-13T17:05:03+08:00 ] ::1 /cars-doctor/Admin/Wpp/js/bootstrap.min.js?v=3.3.6
ERR: 非法操作:js

[ 2016-08-13T17:05:03+08:00 ] ::1 /cars-doctor/Admin/Wpp/css/font-awesome.css?v=4.4.0
ERR: 非法操作:css

[ 2016-08-13T17:05:03+08:00 ] ::1 /cars-doctor/Admin/Wpp/js/welcome.js
ERR: 非法操作:js

[ 2016-08-13T17:05:03+08:00 ] ::1 /cars-doctor/Admin/Wpp/js/content.js
ERR: 非法操作:js

[ 2016-08-13T17:05:03+08:00 ] ::1 /cars-doctor/Admin/Wpp/js/plugins/layer/layer.min.js
ERR: 非法操作:js

[ 2016-08-13T17:06:08+08:00 ] ::1 /cars-doctor/index_v1.html?v=4.0
ERR: 无法加载控制器:Index_v1

[ 2016-08-13T17:06:55+08:00 ] ::1 /cars-doctor/admin.php/index_v1.html?v=4.0
ERR: 无法加载控制器:Index_v1

[ 2016-08-13T17:07:02+08:00 ] ::1 /cars-doctor/admin.php/Wpp/css/font-awesome.css?v=4.4.0
ERR: 非法操作:css

[ 2016-08-13T17:07:02+08:00 ] ::1 /cars-doctor/admin.php/Wpp/css/animate.css
ERR: 非法操作:css

[ 2016-08-13T17:07:02+08:00 ] ::1 /cars-doctor/admin.php/Wpp/js/bootstrap.min.js?v=3.3.6
ERR: 非法操作:js

[ 2016-08-13T17:07:02+08:00 ] ::1 /cars-doctor/admin.php/Wpp/css/bootstrap.min.css?v=3.3.6
ERR: 非法操作:css

[ 2016-08-13T17:07:02+08:00 ] ::1 /cars-doctor/admin.php/Wpp/css/style.css?v=4.1.0
ERR: 非法操作:css

[ 2016-08-13T17:07:02+08:00 ] ::1 /cars-doctor/admin.php/Wpp/js/welcome.js
ERR: 非法操作:js

[ 2016-08-13T17:07:02+08:00 ] ::1 /cars-doctor/admin.php/Wpp/js/jquery.min.js?v=2.1.4
ERR: 非法操作:js

[ 2016-08-13T17:07:02+08:00 ] ::1 /cars-doctor/admin.php/Wpp/js/plugins/layer/layer.min.js
ERR: 非法操作:js

[ 2016-08-13T17:07:02+08:00 ] ::1 /cars-doctor/admin.php/Wpp/js/content.js
ERR: 非法操作:js

[ 2016-08-13T17:27:02+08:00 ] ::1 /cars-doctor/Admin/index_v1.html?v=4.0
ERR: 无法加载控制器:Index_v1

[ 2016-08-13T17:27:15+08:00 ] ::1 /cars-doctor/Admin/Wpp/css/bootstrap.min.css?v=3.3.6
ERR: 非法操作:css

[ 2016-08-13T17:27:15+08:00 ] ::1 /cars-doctor/Admin/Wpp/css/animate.css
ERR: 非法操作:css

[ 2016-08-13T17:27:15+08:00 ] ::1 /cars-doctor/Admin/Wpp/css/font-awesome.css?v=4.4.0
ERR: 非法操作:css

[ 2016-08-13T17:27:15+08:00 ] ::1 /cars-doctor/Admin/Wpp/css/style.css?v=4.1.0
ERR: 非法操作:css

[ 2016-08-13T17:27:15+08:00 ] ::1 /cars-doctor/Admin/Wpp/js/bootstrap.min.js?v=3.3.6
ERR: 非法操作:js

[ 2016-08-13T17:27:15+08:00 ] ::1 /cars-doctor/Admin/Wpp/js/plugins/layer/layer.min.js
ERR: 非法操作:js

[ 2016-08-13T17:27:15+08:00 ] ::1 /cars-doctor/Admin/Wpp/js/jquery.min.js?v=2.1.4
ERR: 非法操作:js

[ 2016-08-13T17:27:15+08:00 ] ::1 /cars-doctor/Admin/Wpp/js/welcome.js
ERR: 非法操作:js

[ 2016-08-13T17:27:15+08:00 ] ::1 /cars-doctor/Admin/Wpp/js/content.js
ERR: 非法操作:js

[ 2016-08-13T18:04:31+08:00 ] ::1 /cars-doctor/Admin/Wpp/css/plugins/morris/morris-0.4.3.min.css
ERR: 非法操作:css

[ 2016-08-13T18:04:31+08:00 ] ::1 /cars-doctor/Admin/Wpp/css/bootstrap.min.css?v=3.3.6
ERR: 非法操作:css

[ 2016-08-13T18:04:31+08:00 ] ::1 /cars-doctor/Admin/Wpp/css/font-awesome.css?v=4.4.0
ERR: 非法操作:css

[ 2016-08-13T18:04:31+08:00 ] ::1 /cars-doctor/Admin/Wpp/js/plugins/gritter/jquery.gritter.css
ERR: 非法操作:js

[ 2016-08-13T18:04:31+08:00 ] ::1 /cars-doctor/Admin/Wpp/css/style.css?v=4.1.0
ERR: 非法操作:css

[ 2016-08-13T18:04:31+08:00 ] ::1 /cars-doctor/Admin/Wpp/css/animate.css
ERR: 非法操作:css

[ 2016-08-13T18:04:31+08:00 ] ::1 /cars-doctor/Admin/Wpp/js/jquery.min.js?v=2.1.4
ERR: 非法操作:js

[ 2016-08-13T18:04:31+08:00 ] ::1 /cars-doctor/Admin/Wpp/js/plugins/flot/jquery.flot.js
ERR: 非法操作:js

[ 2016-08-13T18:04:31+08:00 ] ::1 /cars-doctor/Admin/Wpp/js/plugins/flot/jquery.flot.pie.js
ERR: 非法操作:js

[ 2016-08-13T18:04:31+08:00 ] ::1 /cars-doctor/Admin/Wpp/js/bootstrap.min.js?v=3.3.6
ERR: 非法操作:js

[ 2016-08-13T18:04:31+08:00 ] ::1 /cars-doctor/Admin/Wpp/js/plugins/flot/jquery.flot.spline.js
ERR: 非法操作:js

[ 2016-08-13T18:04:31+08:00 ] ::1 /cars-doctor/Admin/Wpp/js/plugins/flot/jquery.flot.resize.js
ERR: 非法操作:js

[ 2016-08-13T18:04:31+08:00 ] ::1 /cars-doctor/Admin/Wpp/js/content.js?v=1.0.0
ERR: 非法操作:js

[ 2016-08-13T18:04:31+08:00 ] ::1 /cars-doctor/Admin/Wpp/js/plugins/flot/jquery.flot.symbol.js
ERR: 非法操作:js

[ 2016-08-13T18:04:31+08:00 ] ::1 /cars-doctor/Admin/Wpp/js/plugins/peity/jquery.peity.min.js
ERR: 非法操作:js

[ 2016-08-13T18:04:31+08:00 ] ::1 /cars-doctor/Admin/Wpp/js/demo/peity-demo.js
ERR: 非法操作:js

[ 2016-08-13T18:04:31+08:00 ] ::1 /cars-doctor/Admin/Wpp/js/plugins/jvectormap/jquery-jvectormap-world-mill-en.js
ERR: 非法操作:js

[ 2016-08-13T18:04:31+08:00 ] ::1 /cars-doctor/Admin/Wpp/js/plugins/flot/jquery.flot.tooltip.min.js
ERR: 非法操作:js

[ 2016-08-13T18:04:31+08:00 ] ::1 /cars-doctor/Admin/Wpp/js/plugins/jquery-ui/jquery-ui.min.js
ERR: 非法操作:js

[ 2016-08-13T18:04:31+08:00 ] ::1 /cars-doctor/Admin/Wpp/js/plugins/jvectormap/jquery-jvectormap-1.2.2.min.js
ERR: 非法操作:js

[ 2016-08-13T18:04:31+08:00 ] ::1 /cars-doctor/Admin/Wpp/js/plugins/easypiechart/jquery.easypiechart.js
ERR: 非法操作:js

[ 2016-08-13T18:04:31+08:00 ] ::1 /cars-doctor/Admin/Wpp/js/plugins/sparkline/jquery.sparkline.min.js
ERR: 非法操作:js

[ 2016-08-13T18:04:31+08:00 ] ::1 /cars-doctor/Admin/Wpp/js/demo/sparkline-demo.js
ERR: 非法操作:js

[ 2016-08-13T18:04:34+08:00 ] ::1 /cars-doctor/Admin/Wpp/css/bootstrap.min.css?v=3.3.6
ERR: 非法操作:css

[ 2016-08-13T18:04:34+08:00 ] ::1 /cars-doctor/Admin/Wpp/css/style.css?v=4.1.0
ERR: 非法操作:css

[ 2016-08-13T18:04:34+08:00 ] ::1 /cars-doctor/Admin/Wpp/css/font-awesome.css?v=4.4.0
ERR: 非法操作:css

[ 2016-08-13T18:04:34+08:00 ] ::1 /cars-doctor/Admin/Wpp/css/plugins/morris/morris-0.4.3.min.css
ERR: 非法操作:css

[ 2016-08-13T18:04:34+08:00 ] ::1 /cars-doctor/Admin/Wpp/css/animate.css
ERR: 非法操作:css

[ 2016-08-13T18:04:34+08:00 ] ::1 /cars-doctor/Admin/Wpp/js/plugins/flot/jquery.flot.tooltip.min.js
ERR: 非法操作:js

[ 2016-08-13T18:04:34+08:00 ] ::1 /cars-doctor/Admin/Wpp/js/bootstrap.min.js?v=3.3.6
ERR: 非法操作:js

[ 2016-08-13T18:04:34+08:00 ] ::1 /cars-doctor/Admin/Wpp/js/plugins/flot/jquery.flot.resize.js
ERR: 非法操作:js

[ 2016-08-13T18:04:34+08:00 ] ::1 /cars-doctor/Admin/Wpp/js/plugins/flot/jquery.flot.js
ERR: 非法操作:js

[ 2016-08-13T18:04:34+08:00 ] ::1 /cars-doctor/Admin/Wpp/js/jquery.min.js?v=2.1.4
ERR: 非法操作:js

[ 2016-08-13T18:04:34+08:00 ] ::1 /cars-doctor/Admin/Wpp/js/plugins/flot/jquery.flot.spline.js
ERR: 非法操作:js

[ 2016-08-13T18:04:35+08:00 ] ::1 /cars-doctor/Admin/Wpp/js/plugins/flot/jquery.flot.symbol.js
ERR: 非法操作:js

[ 2016-08-13T18:04:35+08:00 ] ::1 /cars-doctor/Admin/Wpp/js/plugins/flot/curvedLines.js
ERR: 非法操作:js

[ 2016-08-13T18:04:35+08:00 ] ::1 /cars-doctor/Admin/Wpp/js/plugins/flot/jquery.flot.pie.js
ERR: 非法操作:js

[ 2016-08-13T18:04:35+08:00 ] ::1 /cars-doctor/Admin/Wpp/js/plugins/peity/jquery.peity.min.js
ERR: 非法操作:js

[ 2016-08-13T18:04:35+08:00 ] ::1 /cars-doctor/Admin/Wpp/js/demo/peity-demo.js
ERR: 非法操作:js

[ 2016-08-13T18:04:35+08:00 ] ::1 /cars-doctor/Admin/Wpp/js/plugins/jquery-ui/jquery-ui.min.js
ERR: 非法操作:js

[ 2016-08-13T18:04:35+08:00 ] ::1 /cars-doctor/Admin/Wpp/js/plugins/jvectormap/jquery-jvectormap-world-mill-en.js
ERR: 非法操作:js

[ 2016-08-13T18:04:35+08:00 ] ::1 /cars-doctor/Admin/Wpp/js/content.js?v=1.0.0
ERR: 非法操作:js

[ 2016-08-13T18:04:35+08:00 ] ::1 /cars-doctor/Admin/Wpp/js/plugins/easypiechart/jquery.easypiechart.js
ERR: 非法操作:js

[ 2016-08-13T18:04:35+08:00 ] ::1 /cars-doctor/Admin/Wpp/js/plugins/jvectormap/jquery-jvectormap-1.2.2.min.js
ERR: 非法操作:js

[ 2016-08-13T18:04:35+08:00 ] ::1 /cars-doctor/Admin/Wpp/js/demo/sparkline-demo.js
ERR: 非法操作:js

[ 2016-08-13T18:04:35+08:00 ] ::1 /cars-doctor/Admin/Wpp/js/plugins/sparkline/jquery.sparkline.min.js
ERR: 非法操作:js

