[ 2016-08-18T10:59:28+08:00 ] ::1 /cars-doctor/Admin/index_v1.html?v=4.0
ERR: 无法加载控制器:Index_v1

[ 2016-08-18T11:00:05+08:00 ] ::1 /cars-doctor/Admin/Wpp/css/font-awesome.css?v=4.4.0
ERR: 非法操作:css

[ 2016-08-18T11:00:05+08:00 ] ::1 /cars-doctor/Admin/Wpp/css/style.css?v=4.1.0
ERR: 非法操作:css

[ 2016-08-18T11:00:05+08:00 ] ::1 /cars-doctor/Admin/Wpp/css/plugins/jqgrid/ui.jqgrid.css?0820
ERR: 非法操作:css

[ 2016-08-18T11:00:05+08:00 ] ::1 /cars-doctor/Admin/Wpp/js/bootstrap.min.js?v=3.3.6
ERR: 非法操作:js

[ 2016-08-18T11:00:05+08:00 ] ::1 /cars-doctor/Admin/Wpp/css/bootstrap.min.css?v=3.3.6
ERR: 非法操作:css

[ 2016-08-18T11:00:05+08:00 ] ::1 /cars-doctor/Admin/Wpp/js/plugins/peity/jquery.peity.min.js
ERR: 非法操作:js

[ 2016-08-18T11:00:05+08:00 ] ::1 /cars-doctor/Admin/Wpp/js/jquery.min.js?v=2.1.4
ERR: 非法操作:js

[ 2016-08-18T11:00:05+08:00 ] ::1 /cars-doctor/Admin/Wpp/css/animate.css
ERR: 非法操作:css

[ 2016-08-18T11:00:05+08:00 ] ::1 /cars-doctor/Admin/Wpp/js/plugins/jqgrid/i18n/grid.locale-cn.js?0820
ERR: 非法操作:js

[ 2016-08-18T11:00:05+08:00 ] ::1 /cars-doctor/Admin/Wpp/js/content.js?v=1.0.0
ERR: 非法操作:js

[ 2016-08-18T11:00:05+08:00 ] ::1 /cars-doctor/Admin/Wpp/js/plugins/jqgrid/jquery.jqGrid.min.js?0820
ERR: 非法操作:js

[ 2016-08-18T11:00:24+08:00 ] ::1 /cars-doctor/Admin/Wpp/css/bootstrap.min.css?v=3.3.6
ERR: 非法操作:css

[ 2016-08-18T11:00:24+08:00 ] ::1 /cars-doctor/Admin/Wpp/js/bootstrap.min.js?v=3.3.6
ERR: 非法操作:js

[ 2016-08-18T11:00:24+08:00 ] ::1 /cars-doctor/Admin/Wpp/css/font-awesome.css?v=4.4.0
ERR: 非法操作:css

[ 2016-08-18T11:00:24+08:00 ] ::1 /cars-doctor/Admin/Wpp/css/animate.css
ERR: 非法操作:css

[ 2016-08-18T11:00:24+08:00 ] ::1 /cars-doctor/Admin/Wpp/css/style.css?v=4.1.0
ERR: 非法操作:css

[ 2016-08-18T11:00:24+08:00 ] ::1 /cars-doctor/Admin/Wpp/js/jquery.min.js?v=2.1.4
ERR: 非法操作:js

[ 2016-08-18T11:00:24+08:00 ] ::1 /cars-doctor/Admin/Wpp/css/plugins/dataTables/dataTables.bootstrap.css
ERR: 非法操作:css

[ 2016-08-18T11:00:24+08:00 ] ::1 /cars-doctor/Admin/Wpp/js/plugins/dataTables/jquery.dataTables.js
ERR: 非法操作:js

[ 2016-08-18T11:00:25+08:00 ] ::1 /cars-doctor/Admin/Wpp/js/plugins/jeditable/jquery.jeditable.js
ERR: 非法操作:js

[ 2016-08-18T11:00:25+08:00 ] ::1 /cars-doctor/Admin/Wpp/js/plugins/dataTables/dataTables.bootstrap.js
ERR: 非法操作:js

[ 2016-08-18T11:00:25+08:00 ] ::1 /cars-doctor/Admin/Wpp/js/content.js?v=1.0.0
ERR: 非法操作:js

[ 2016-08-18T11:00:41+08:00 ] ::1 /cars-doctor/Admin/Wpp/css/bootstrap.min.css?v=3.3.6
ERR: 非法操作:css

[ 2016-08-18T11:00:41+08:00 ] ::1 /cars-doctor/Admin/Wpp/css/font-awesome.css?v=4.4.0
ERR: 非法操作:css

[ 2016-08-18T11:00:41+08:00 ] ::1 /cars-doctor/Admin/Wpp/css/animate.css
ERR: 非法操作:css

[ 2016-08-18T11:00:41+08:00 ] ::1 /cars-doctor/Admin/Wpp/js/bootstrap.min.js?v=3.3.6
ERR: 非法操作:js

[ 2016-08-18T11:00:41+08:00 ] ::1 /cars-doctor/Admin/Wpp/js/content.js?v=1.0.0
ERR: 非法操作:js

[ 2016-08-18T11:00:41+08:00 ] ::1 /cars-doctor/Admin/Wpp/js/jquery.min.js?v=2.1.4
ERR: 非法操作:js

[ 2016-08-18T11:00:41+08:00 ] ::1 /cars-doctor/Admin/Wpp/css/style.css?v=4.1.0
ERR: 非法操作:css

[ 2016-08-18T11:00:49+08:00 ] ::1 /cars-doctor/Admin/Wpp/css/font-awesome.css?v=4.4.0
ERR: 非法操作:css

[ 2016-08-18T11:00:49+08:00 ] ::1 /cars-doctor/Admin/Wpp/css/plugins/dataTables/dataTables.bootstrap.css
ERR: 非法操作:css

[ 2016-08-18T11:00:49+08:00 ] ::1 /cars-doctor/Admin/Wpp/css/animate.css
ERR: 非法操作:css

[ 2016-08-18T11:00:49+08:00 ] ::1 /cars-doctor/Admin/Wpp/css/bootstrap.min.css?v=3.3.6
ERR: 非法操作:css

[ 2016-08-18T11:00:49+08:00 ] ::1 /cars-doctor/Admin/Wpp/js/bootstrap.min.js?v=3.3.6
ERR: 非法操作:js

[ 2016-08-18T11:00:49+08:00 ] ::1 /cars-doctor/Admin/Wpp/js/plugins/jeditable/jquery.jeditable.js
ERR: 非法操作:js

[ 2016-08-18T11:00:49+08:00 ] ::1 /cars-doctor/Admin/Wpp/css/style.css?v=4.1.0
ERR: 非法操作:css

[ 2016-08-18T11:00:49+08:00 ] ::1 /cars-doctor/Admin/Wpp/js/plugins/dataTables/dataTables.bootstrap.js
ERR: 非法操作:js

[ 2016-08-18T11:00:49+08:00 ] ::1 /cars-doctor/Admin/Wpp/js/jquery.min.js?v=2.1.4
ERR: 非法操作:js

[ 2016-08-18T11:00:49+08:00 ] ::1 /cars-doctor/Admin/Wpp/js/plugins/dataTables/jquery.dataTables.js
ERR: 非法操作:js

[ 2016-08-18T11:00:49+08:00 ] ::1 /cars-doctor/Admin/Wpp/js/content.js?v=1.0.0
ERR: 非法操作:js

[ 2016-08-18T16:35:21+08:00 ] ::1 /cars-doctor/Admin/Wpp/css/bootstrap.min.css?v=3.3.6
ERR: 非法操作:css

[ 2016-08-18T16:35:21+08:00 ] ::1 /cars-doctor/Admin/Wpp/css/font-awesome.css?v=4.4.0
ERR: 非法操作:css

[ 2016-08-18T16:35:21+08:00 ] ::1 /cars-doctor/Admin/Wpp/css/plugins/jqgrid/ui.jqgrid.css?0820
ERR: 非法操作:css

[ 2016-08-18T16:35:21+08:00 ] ::1 /cars-doctor/Admin/Wpp/css/animate.css
ERR: 非法操作:css

[ 2016-08-18T16:35:21+08:00 ] ::1 /cars-doctor/Admin/Wpp/js/jquery.min.js?v=2.1.4
ERR: 非法操作:js

[ 2016-08-18T16:35:21+08:00 ] ::1 /cars-doctor/Admin/Wpp/css/style.css?v=4.1.0
ERR: 非法操作:css

[ 2016-08-18T16:35:21+08:00 ] ::1 /cars-doctor/Admin/Wpp/js/plugins/peity/jquery.peity.min.js
ERR: 非法操作:js

[ 2016-08-18T16:35:21+08:00 ] ::1 /cars-doctor/Admin/Wpp/js/bootstrap.min.js?v=3.3.6
ERR: 非法操作:js

[ 2016-08-18T16:35:21+08:00 ] ::1 /cars-doctor/Admin/Wpp/js/plugins/jqgrid/i18n/grid.locale-cn.js?0820
ERR: 非法操作:js

[ 2016-08-18T16:35:21+08:00 ] ::1 /cars-doctor/Admin/Wpp/js/plugins/jqgrid/jquery.jqGrid.min.js?0820
ERR: 非法操作:js

[ 2016-08-18T16:35:21+08:00 ] ::1 /cars-doctor/Admin/Wpp/js/content.js?v=1.0.0
ERR: 非法操作:js

[ 2016-08-18T16:35:31+08:00 ] ::1 /cars-doctor/Admin/Wpp/css/animate.css
ERR: 非法操作:css

[ 2016-08-18T16:35:31+08:00 ] ::1 /cars-doctor/Admin/Wpp/css/font-awesome.css?v=4.4.0
ERR: 非法操作:css

[ 2016-08-18T16:35:31+08:00 ] ::1 /cars-doctor/Admin/Wpp/css/style.css?v=4.1.0
ERR: 非法操作:css

[ 2016-08-18T16:35:31+08:00 ] ::1 /cars-doctor/Admin/Wpp/js/jquery.min.js?v=2.1.4
ERR: 非法操作:js

[ 2016-08-18T16:35:31+08:00 ] ::1 /cars-doctor/Admin/Wpp/js/content.js?v=1.0.0
ERR: 非法操作:js

[ 2016-08-18T16:35:31+08:00 ] ::1 /cars-doctor/Admin/Wpp/js/bootstrap.min.js?v=3.3.6
ERR: 非法操作:js

[ 2016-08-18T16:35:31+08:00 ] ::1 /cars-doctor/Admin/Wpp/css/bootstrap.min.css?v=3.3.6
ERR: 非法操作:css

[ 2016-08-18T17:03:22+08:00 ] ::1 /cars-doctor/Admin/Wpp/css/bootstrap.min.css?v=3.3.6
ERR: 非法操作:css

[ 2016-08-18T17:03:22+08:00 ] ::1 /cars-doctor/Admin/Wpp/css/animate.css
ERR: 非法操作:css

[ 2016-08-18T17:03:22+08:00 ] ::1 /cars-doctor/Admin/Wpp/css/plugins/jqgrid/ui.jqgrid.css?0820
ERR: 非法操作:css

[ 2016-08-18T17:03:22+08:00 ] ::1 /cars-doctor/Admin/Wpp/js/jquery.min.js?v=2.1.4
ERR: 非法操作:js

[ 2016-08-18T17:03:22+08:00 ] ::1 /cars-doctor/Admin/Wpp/css/style.css?v=4.1.0
ERR: 非法操作:css

[ 2016-08-18T17:03:22+08:00 ] ::1 /cars-doctor/Admin/Wpp/css/font-awesome.css?v=4.4.0
ERR: 非法操作:css

[ 2016-08-18T17:03:22+08:00 ] ::1 /cars-doctor/Admin/Wpp/js/plugins/peity/jquery.peity.min.js
ERR: 非法操作:js

[ 2016-08-18T17:03:22+08:00 ] ::1 /cars-doctor/Admin/Wpp/js/plugins/jqgrid/i18n/grid.locale-cn.js?0820
ERR: 非法操作:js

[ 2016-08-18T17:03:22+08:00 ] ::1 /cars-doctor/Admin/Wpp/js/bootstrap.min.js?v=3.3.6
ERR: 非法操作:js

[ 2016-08-18T17:03:22+08:00 ] ::1 /cars-doctor/Admin/Wpp/js/content.js?v=1.0.0
ERR: 非法操作:js

[ 2016-08-18T17:03:22+08:00 ] ::1 /cars-doctor/Admin/Wpp/js/plugins/jqgrid/jquery.jqGrid.min.js?0820
ERR: 非法操作:js

