[ 2016-10-20T09:20:17+08:00 ] ::1 /cars-doctor/index.php/Wpp/index
ERR: 无法加载控制器:Wpp

[ 2016-10-20T09:39:15+08:00 ] ::1 /cars-doctor/admin.php/Wpp/css/bootstrap.min.css?v=3.3.6
ERR: 非法操作:css

[ 2016-10-20T09:39:15+08:00 ] ::1 /cars-doctor/admin.php/Wpp/css/font-awesome.css?v=4.4.0
ERR: 非法操作:css

[ 2016-10-20T09:39:15+08:00 ] ::1 /cars-doctor/admin.php/Wpp/css/plugins/jqgrid/ui.jqgrid.css?0820
ERR: 非法操作:css

[ 2016-10-20T09:39:16+08:00 ] ::1 /cars-doctor/admin.php/Wpp/css/animate.css
ERR: 非法操作:css

[ 2016-10-20T09:39:16+08:00 ] ::1 /cars-doctor/admin.php/Wpp/js/bootstrap.min.js?v=3.3.6
ERR: 非法操作:js

[ 2016-10-20T09:39:16+08:00 ] ::1 /cars-doctor/admin.php/Wpp/css/style.css?v=4.1.0
ERR: 非法操作:css

[ 2016-10-20T09:39:16+08:00 ] ::1 /cars-doctor/admin.php/Wpp/js/plugins/peity/jquery.peity.min.js
ERR: 非法操作:js

[ 2016-10-20T09:39:16+08:00 ] ::1 /cars-doctor/admin.php/Wpp/js/jquery.min.js?v=2.1.4
ERR: 非法操作:js

[ 2016-10-20T09:39:16+08:00 ] ::1 /cars-doctor/admin.php/Wpp/js/plugins/jqgrid/i18n/grid.locale-cn.js?0820
ERR: 非法操作:js

[ 2016-10-20T09:39:16+08:00 ] ::1 /cars-doctor/admin.php/Wpp/js/plugins/jqgrid/jquery.jqGrid.min.js?0820
ERR: 非法操作:js

[ 2016-10-20T09:39:16+08:00 ] ::1 /cars-doctor/admin.php/Wpp/js/content.js?v=1.0.0
ERR: 非法操作:js

