[ 2016-10-19T19:44:09+08:00 ] ::1 /cars-doctor/index.php/Wpp
ERR: 无法加载控制器:Wpp

[ 2016-10-19T19:44:23+08:00 ] ::1 /cars-doctor/admin.php/index_v1.html?v=4.0
ERR: 无法加载控制器:Index_v1

[ 2016-10-19T19:44:34+08:00 ] ::1 /cars-doctor/admin.php/index_v1.html?v=4.0
ERR: 无法加载控制器:Index_v1

[ 2016-10-19T19:44:34+08:00 ] ::1 /cars-doctor/index.php/Wpp
ERR: 无法加载控制器:Wpp

[ 2016-10-19T19:44:39+08:00 ] ::1 /cars-doctor/index.php/Wpp
ERR: 无法加载控制器:Wpp

[ 2016-10-19T19:44:40+08:00 ] ::1 /cars-doctor/admin.php/index_v1.html?v=4.0
ERR: 无法加载控制器:Index_v1

[ 2016-10-19T19:44:45+08:00 ] ::1 /cars-doctor/admin.php/index_v1.html?v=4.0
ERR: 无法加载控制器:Index_v1

[ 2016-10-19T19:45:11+08:00 ] ::1 /cars-doctor/admin.php/Wpp/css/plugins/jqgrid/ui.jqgrid.css?0820
ERR: 非法操作:css

[ 2016-10-19T19:45:11+08:00 ] ::1 /cars-doctor/admin.php/Wpp/css/style.css?v=4.1.0
ERR: 非法操作:css

[ 2016-10-19T19:45:11+08:00 ] ::1 /cars-doctor/admin.php/Wpp/css/animate.css
ERR: 非法操作:css

[ 2016-10-19T19:45:11+08:00 ] ::1 /cars-doctor/admin.php/Wpp/css/bootstrap.min.css?v=3.3.6
ERR: 非法操作:css

[ 2016-10-19T19:45:11+08:00 ] ::1 /cars-doctor/admin.php/Wpp/js/jquery.min.js?v=2.1.4
ERR: 非法操作:js

[ 2016-10-19T19:45:11+08:00 ] ::1 /cars-doctor/admin.php/Wpp/css/font-awesome.css?v=4.4.0
ERR: 非法操作:css

[ 2016-10-19T19:45:11+08:00 ] ::1 /cars-doctor/admin.php/Wpp/js/plugins/peity/jquery.peity.min.js
ERR: 非法操作:js

[ 2016-10-19T19:45:11+08:00 ] ::1 /cars-doctor/admin.php/Wpp/js/bootstrap.min.js?v=3.3.6
ERR: 非法操作:js

[ 2016-10-19T19:45:11+08:00 ] ::1 /cars-doctor/admin.php/Wpp/js/content.js?v=1.0.0
ERR: 非法操作:js

[ 2016-10-19T19:45:11+08:00 ] ::1 /cars-doctor/admin.php/Wpp/js/plugins/jqgrid/i18n/grid.locale-cn.js?0820
ERR: 非法操作:js

[ 2016-10-19T19:45:11+08:00 ] ::1 /cars-doctor/admin.php/Wpp/js/plugins/jqgrid/jquery.jqGrid.min.js?0820
ERR: 非法操作:js

